[2025-08-28 11:43:09Z INFO HostContext] No proxy settings were found based on environmental variables (http_proxy/https_proxy/HTTP_PROXY/HTTPS_PROXY)
[2025-08-28 11:43:09Z INFO HostContext] Well known directory 'Bin': 'C:\Users\sujiniv\Documents\GitHub\sujinibazeltest\actions-runner\bin'
[2025-08-28 11:43:09Z INFO HostContext] Well known directory 'Root': 'C:\Users\sujiniv\Documents\GitHub\sujinibazeltest\actions-runner'
[2025-08-28 11:43:09Z INFO HostContext] Well known config file 'Credentials': 'C:\Users\sujiniv\Documents\GitHub\sujinibazeltest\actions-runner\.credentials'
[2025-08-28 11:43:10Z INFO HostContext] Well known directory 'Bin': 'C:\Users\sujiniv\Documents\GitHub\sujinibazeltest\actions-runner\bin'
[2025-08-28 11:43:10Z INFO HostContext] Well known directory 'Root': 'C:\Users\sujiniv\Documents\GitHub\sujinibazeltest\actions-runner'
[2025-08-28 11:43:10Z INFO HostContext] Well known config file 'Runner': 'C:\Users\sujiniv\Documents\GitHub\sujinibazeltest\actions-runner\.runner'
[2025-08-28 11:43:10Z INFO Worker] Version: 2.328.0
[2025-08-28 11:43:10Z INFO Worker] Commit: 6f9a9110adce65f44ca6f7c0ae142b9cc6af937b
[2025-08-28 11:43:10Z INFO Worker] Culture: en-US
[2025-08-28 11:43:10Z INFO Worker] UI Culture: en-US
[2025-08-28 11:43:10Z INFO Worker] Waiting to receive the job message from the channel.
[2025-08-28 11:43:10Z INFO ProcessChannel] Receiving message of length 18625, with hash 'dee1e40e52845c0792268520992d915de31e2fea278211e7db41c3b4681e4b04'
[2025-08-28 11:43:10Z INFO Worker] Message received.
[2025-08-28 11:43:10Z INFO Worker] Job message:
 {
  "fileTable": [
    ".github/workflows/build.yml"
  ],
  "mask": [
    {
      "type": "regex",
      "value": "***"
    },
    {
      "type": "regex",
      "value": "***"
    },
    {
      "type": "regex",
      "value": "***"
    },
    {
      "type": "regex",
      "value": "***"
    },
    {
      "type": "regex",
      "value": "***"
    },
    {
      "type": "regex",
      "value": "***"
    },
    {
      "type": "regex",
      "value": "***"
    },
    {
      "type": "regex",
      "value": "***"
    },
    {
      "type": "regex",
      "value": "***"
    },
    {
      "type": "regex",
      "value": "***"
    },
    {
      "type": "regex",
      "value": "***"
    },
    {
      "type": "regex",
      "value": "***"
    },
    {
      "type": "regex",
      "value": "***"
    },
    {
      "type": "regex",
      "value": "***"
    },
    {
      "type": "regex",
      "value": "***"
    },
    {
      "type": "regex",
      "value": "***"
    },
    {
      "type": "regex",
      "value": "***"
    },
    {
      "type": "regex",
      "value": "***"
    }
  ],
  "steps": [
    {
      "type": "action",
      "reference": {
        "type": "script"
      },
      "displayNameToken": {
        "type": 0,
        "file": 1,
        "line": 22,
        "col": 14,
        "lit": "Set up GHS compiler path"
      },
      "contextName": "__run",
      "inputs": {
        "type": 2,
        "map": [
          {
            "key": "script",
            "value": {
              "type": 0,
              "file": 1,
              "line": 24,
              "col": 13,
              "lit": "echo Adding GHS compiler to PATH...\nset PATH=D:\\ghs\\comp_202014;%PATH% \necho PATH after: %PATH%\n"
            }
          },
          {
            "key": "shell",
            "value": {
              "type": 0,
              "file": 1,
              "line": 23,
              "col": 15,
              "lit": "cmd"
            }
          }
        ]
      },
      "condition": "success()",
      "id": "e608f3cf-892c-4109-9b59-8846d884ae9d",
      "name": "__run"
    }
  ],
  "variables": {
    "Actions.EnableHttpRedirects": {
      "value": "true"
    },
    "DistributedTask.AddWarningToNode12Action": {
      "value": "true"
    },
    "DistributedTask.AddWarningToNode16Action": {
      "value": "true"
    },
    "DistributedTask.AllowRunnerContainerHooks": {
      "value": "true"
    },
    "DistributedTask.DeprecateStepOutputCommands": {
      "value": "true"
    },
    "DistributedTask.DetailUntarFailure": {
      "value": "true"
    },
    "DistributedTask.EnableCompositeActions": {
      "value": "true"
    },
    "DistributedTask.EnableJobServerQueueTelemetry": {
      "value": "true"
    },
    "DistributedTask.EnhancedAnnotations": {
      "value": "true"
    },
    "DistributedTask.ForceGithubJavascriptActionsToNode16": {
      "value": "true"
    },
    "DistributedTask.ForceGithubJavascriptActionsToNode20": {
      "value": "true"
    },
    "DistributedTask.LogTemplateErrorsAsDebugMessages": {
      "value": "true"
    },
    "DistributedTask.MarkJobAsFailedOnWorkerCrash": {
      "value": "true"
    },
    "DistributedTask.NewActionMetadata": {
      "value": "true"
    },
    "DistributedTask.UploadStepSummary": {
      "value": "true"
    },
    "DistributedTask.UseActionArchiveCache": {
      "value": "true"
    },
    "DistributedTask.UseWhich2": {
      "value": "true"
    },
    "RunService.FixEmbeddedIssues": {
      "value": "true"
    },
    "actions_add_check_run_id_to_job_context": {
      "value": "false"
    },
    "actions_display_helpful_actions_download_errors": {
      "value": "true"
    },
    "actions_skip_retry_complete_job_upon_known_errors": {
      "value": "true"
    },
    "actions_uses_cache_service_v2": {
      "value": "true"
    },
    "github_token": {
      "value": "***",
      "isSecret": true
    },
    "system.from_run_service": {
      "value": "true"
    },
    "system.github.job": {
      "value": "compilerpathcheck"
    },
    "system.github.launch_endpoint": {
      "value": "https://launch.actions.githubusercontent.com"
    },
    "system.github.results_endpoint": {
      "value": "https://results-receiver.actions.githubusercontent.com/"
    },
    "system.github.results_upload_with_sdk": {
      "value": "true"
    },
    "system.github.token": {
      "value": "***",
      "isSecret": true
    },
    "system.github.token.permissions": {
      "value": "{\"Contents\":\"read\",\"Metadata\":\"read\",\"Packages\":\"read\"}"
    },
    "system.orchestrationId": {
      "value": "dc5aaeb7-cee5-4121-87bb-709185ce6831.compilerpathcheck.__default"
    },
    "system.phaseDisplayName": {
      "value": "Set up GHS compiler path"
    },
    "system.runner.lowdiskspacethreshold": {
      "value": "100"
    },
    "system.runnerEnvironment": {
      "value": "self-hosted"
    },
    "system.runnerGroupName": {
      "value": "Default"
    }
  },
  "messageType": "RunnerJobRequest",
  "plan": {
    "scopeIdentifier": "00000000-0000-0000-0000-000000000000",
    "planType": "actions",
    "version": 0,
    "planId": "dc5aaeb7-cee5-4121-87bb-709185ce6831",
    "planGroup": null,
    "artifactUri": null,
    "artifactLocation": null,
    "definition": null,
    "owner": null
  },
  "timeline": {
    "id": "dc5aaeb7-cee5-4121-87bb-709185ce6831",
    "changeId": 0,
    "location": null
  },
  "jobId": "f230ab2f-cc1b-583f-9217-292a2b8acb87",
  "jobDisplayName": "Set up GHS compiler path",
  "jobName": "__default",
  "requestId": 0,
  "lockedUntil": "0001-01-01T00:00:00",
  "resources": {
    "endpoints": [
      {
        "data": {
          "ServerId": "",
          "ServerName": "",
          "CacheServerUrl": "https://artifactcache.actions.githubusercontent.com/91QtbUbN9XP5USaQW1Wt0NpOLIcScMOKMlUZ0Rifby1AQFV86x/",
          "FeedStreamUrl": "wss://results-receiver.actions.githubusercontent.com/_ws/ingest.sock",
          "ResultsServiceUrl": "https://results-receiver.actions.githubusercontent.com/",
          "PipelinesServiceUrl": "https://pipelinesghubeus5.actions.githubusercontent.com/91QtbUbN9XP5USaQW1Wt0NpOLIcScMOKMlUZ0Rifby1AQFV86x/",
          "GenerateIdTokenUrl": ""
        },
        "name": "SystemVssConnection",
        "url": "https://run-actions-3-azure-eastus.actions.githubusercontent.com/63/",
        "authorization": {
          "parameters": {
            "AccessToken": "***"
          },
          "scheme": "OAuth"
        },
        "isShared": false,
        "isReady": true
      }
    ]
  },
  "contextData": {
    "github": {
      "t": 2,
      "d": [
        {
          "k": "ref",
          "v": "refs/heads/bazelselfhost"
        },
        {
          "k": "sha",
          "v": "4577331d883fef9dd84ff328fb6a81bbb9b998a0"
        },
        {
          "k": "repository",
          "v": "sujini-v/sujinibazeltest"
        },
        {
          "k": "repository_owner",
          "v": "sujini-v"
        },
        {
          "k": "repository_owner_id",
          "v": "228662219"
        },
        {
          "k": "repositoryUrl",
          "v": "git://github.com/sujini-v/sujinibazeltest.git"
        },
        {
          "k": "run_id",
          "v": "17294748253"
        },
        {
          "k": "run_number",
          "v": "24"
        },
        {
          "k": "retention_days",
          "v": "90"
        },
        {
          "k": "run_attempt",
          "v": "1"
        },
        {
          "k": "artifact_cache_size_limit",
          "v": "10"
        },
        {
          "k": "repository_visibility",
          "v": "public"
        },
        {
          "k": "actor_id",
          "v": "228662219"
        },
        {
          "k": "actor",
          "v": "sujini-v"
        },
        {
          "k": "workflow",
          "v": "localbuild Bazel GHS"
        },
        {
          "k": "head_ref",
          "v": ""
        },
        {
          "k": "base_ref",
          "v": ""
        },
        {
          "k": "event_name",
          "v": "push"
        },
        {
          "k": "server_url",
          "v": "https://github.com"
        },
        {
          "k": "api_url",
          "v": "https://api.github.com"
        },
        {
          "k": "graphql_url",
          "v": "https://api.github.com/graphql"
        },
        {
          "k": "ref_name",
          "v": "bazelselfhost"
        },
        {
          "k": "ref_protected",
          "v": false
        },
        {
          "k": "ref_type",
          "v": "branch"
        },
        {
          "k": "secret_source",
          "v": "Actions"
        },
        {
          "k": "event",
          "v": {
            "t": 2,
            "d": [
              {
                "k": "after",
                "v": "4577331d883fef9dd84ff328fb6a81bbb9b998a0"
              },
              {
                "k": "base_ref",
                "v": null
              },
              {
                "k": "before",
                "v": "212df62248a62df40eda3e30352720ead7b309b9"
              },
              {
                "k": "commits",
                "v": {
                  "t": 1,
                  "a": [
                    {
                      "t": 2,
                      "d": [
                        {
                          "k": "author",
                          "v": {
                            "t": 2,
                            "d": [
                              {
                                "k": "email",
                                "v": "vsujini94@gmail.com"
                              },
                              {
                                "k": "name",
                                "v": "sujini-v"
                              },
                              {
                                "k": "username",
                                "v": "sujini-v"
                              }
                            ]
                          }
                        },
                        {
                          "k": "committer",
                          "v": {
                            "t": 2,
                            "d": [
                              {
                                "k": "email",
                                "v": "vsujini94@gmail.com"
                              },
                              {
                                "k": "name",
                                "v": "sujini-v"
                              },
                              {
                                "k": "username",
                                "v": "sujini-v"
                              }
                            ]
                          }
                        },
                        {
                          "k": "distinct",
                          "v": true
                        },
                        {
                          "k": "id",
                          "v": "4577331d883fef9dd84ff328fb6a81bbb9b998a0"
                        },
                        {
                          "k": "message",
                          "v": "update1\n\nupdate1"
                        },
                        {
                          "k": "timestamp",
                          "v": "2025-08-28T17:11:43+05:30"
                        },
                        {
                          "k": "tree_id",
                          "v": "271f3084601fe4fef691b76053c0695c7128ea78"
                        },
                        {
                          "k": "url",
                          "v": "https://github.com/sujini-v/sujinibazeltest/commit/4577331d883fef9dd84ff328fb6a81bbb9b998a0"
                        }
                      ]
                    }
                  ]
                }
              },
              {
                "k": "compare",
                "v": "https://github.com/sujini-v/sujinibazeltest/compare/212df62248a6...4577331d883f"
              },
              {
                "k": "created",
                "v": false
              },
              {
                "k": "deleted",
                "v": false
              },
              {
                "k": "forced",
                "v": false
              },
              {
                "k": "head_commit",
                "v": {
                  "t": 2,
                  "d": [
                    {
                      "k": "author",
                      "v": {
                        "t": 2,
                        "d": [
                          {
                            "k": "email",
                            "v": "vsujini94@gmail.com"
                          },
                          {
                            "k": "name",
                            "v": "sujini-v"
                          },
                          {
                            "k": "username",
                            "v": "sujini-v"
                          }
                        ]
                      }
                    },
                    {
                      "k": "committer",
                      "v": {
                        "t": 2,
                        "d": [
                          {
                            "k": "email",
                            "v": "vsujini94@gmail.com"
                          },
                          {
                            "k": "name",
                            "v": "sujini-v"
                          },
                          {
                            "k": "username",
                            "v": "sujini-v"
                          }
                        ]
                      }
                    },
                    {
                      "k": "distinct",
                      "v": true
                    },
                    {
                      "k": "id",
                      "v": "4577331d883fef9dd84ff328fb6a81bbb9b998a0"
                    },
                    {
                      "k": "message",
                      "v": "update1\n\nupdate1"
                    },
                    {
                      "k": "timestamp",
                      "v": "2025-08-28T17:11:43+05:30"
                    },
                    {
                      "k": "tree_id",
                      "v": "271f3084601fe4fef691b76053c0695c7128ea78"
                    },
                    {
                      "k": "url",
                      "v": "https://github.com/sujini-v/sujinibazeltest/commit/4577331d883fef9dd84ff328fb6a81bbb9b998a0"
                    }
                  ]
                }
              },
              {
                "k": "pusher",
                "v": {
                  "t": 2,
                  "d": [
                    {
                      "k": "email",
                      "v": "vsujini94@gmail.com"
                    },
                    {
                      "k": "name",
                      "v": "sujini-v"
                    }
                  ]
                }
              },
              {
                "k": "ref",
                "v": "refs/heads/bazelselfhost"
              },
              {
                "k": "repository",
                "v": {
                  "t": 2,
                  "d": [
                    {
                      "k": "allow_forking",
                      "v": true
                    },
                    {
                      "k": "archive_url",
                      "v": "https://api.github.com/repos/sujini-v/sujinibazeltest/{archive_format}{/ref}"
                    },
                    {
                      "k": "archived",
                      "v": false
                    },
                    {
                      "k": "assignees_url",
                      "v": "https://api.github.com/repos/sujini-v/sujinibazeltest/assignees{/user}"
                    },
                    {
                      "k": "blobs_url",
                      "v": "https://api.github.com/repos/sujini-v/sujinibazeltest/git/blobs{/sha}"
                    },
                    {
                      "k": "branches_url",
                      "v": "https://api.github.com/repos/sujini-v/sujinibazeltest/branches{/branch}"
                    },
                    {
                      "k": "clone_url",
                      "v": "https://github.com/sujini-v/sujinibazeltest.git"
                    },
                    {
                      "k": "collaborators_url",
                      "v": "https://api.github.com/repos/sujini-v/sujinibazeltest/collaborators{/collaborator}"
                    },
                    {
                      "k": "comments_url",
                      "v": "https://api.github.com/repos/sujini-v/sujinibazeltest/comments{/number}"
                    },
                    {
                      "k": "commits_url",
                      "v": "https://api.github.com/repos/sujini-v/sujinibazeltest/commits{/sha}"
                    },
                    {
                      "k": "compare_url",
                      "v": "https://api.github.com/repos/sujini-v/sujinibazeltest/compare/{base}...{head}"
                    },
                    {
                      "k": "contents_url",
                      "v": "https://api.github.com/repos/sujini-v/sujinibazeltest/contents/{+path}"
                    },
                    {
                      "k": "contributors_url",
                      "v": "https://api.github.com/repos/sujini-v/sujinibazeltest/contributors"
                    },
                    {
                      "k": "created_at",
                      "v": 1756191519.0
                    },
                    {
                      "k": "default_branch",
                      "v": "main"
                    },
                    {
                      "k": "deployments_url",
                      "v": "https://api.github.com/repos/sujini-v/sujinibazeltest/deployments"
                    },
                    {
                      "k": "description",
                      "v": null
                    },
                    {
                      "k": "disabled",
                      "v": false
                    },
                    {
                      "k": "downloads_url",
                      "v": "https://api.github.com/repos/sujini-v/sujinibazeltest/downloads"
                    },
                    {
                      "k": "events_url",
                      "v": "https://api.github.com/repos/sujini-v/sujinibazeltest/events"
                    },
                    {
                      "k": "fork",
                      "v": false
                    },
                    {
                      "k": "forks",
                      "v": 0.0
                    },
                    {
                      "k": "forks_count",
                      "v": 0.0
                    },
                    {
                      "k": "forks_url",
                      "v": "https://api.github.com/repos/sujini-v/sujinibazeltest/forks"
                    },
                    {
                      "k": "full_name",
                      "v": "sujini-v/sujinibazeltest"
                    },
                    {
                      "k": "git_commits_url",
                      "v": "https://api.github.com/repos/sujini-v/sujinibazeltest/git/commits{/sha}"
                    },
                    {
                      "k": "git_refs_url",
                      "v": "https://api.github.com/repos/sujini-v/sujinibazeltest/git/refs{/sha}"
                    },
                    {
                      "k": "git_tags_url",
                      "v": "https://api.github.com/repos/sujini-v/sujinibazeltest/git/tags{/sha}"
                    },
                    {
                      "k": "git_url",
                      "v": "git://github.com/sujini-v/sujinibazeltest.git"
                    },
                    {
                      "k": "has_discussions",
                      "v": false
                    },
                    {
                      "k": "has_downloads",
                      "v": true
                    },
                    {
                      "k": "has_issues",
                      "v": true
                    },
                    {
                      "k": "has_pages",
                      "v": false
                    },
                    {
                      "k": "has_projects",
                      "v": true
                    },
                    {
                      "k": "has_wiki",
                      "v": false
                    },
                    {
                      "k": "homepage",
                      "v": null
                    },
                    {
                      "k": "hooks_url",
                      "v": "https://api.github.com/repos/sujini-v/sujinibazeltest/hooks"
                    },
                    {
                      "k": "html_url",
                      "v": "https://github.com/sujini-v/sujinibazeltest"
                    },
                    {
                      "k": "id",
                      "v": 1044757487.0
                    },
                    {
                      "k": "is_template",
                      "v": false
                    },
                    {
                      "k": "issue_comment_url",
                      "v": "https://api.github.com/repos/sujini-v/sujinibazeltest/issues/comments{/number}"
                    },
                    {
                      "k": "issue_events_url",
                      "v": "https://api.github.com/repos/sujini-v/sujinibazeltest/issues/events{/number}"
                    },
                    {
                      "k": "issues_url",
                      "v": "https://api.github.com/repos/sujini-v/sujinibazeltest/issues{/number}"
                    },
                    {
                      "k": "keys_url",
                      "v": "https://api.github.com/repos/sujini-v/sujinibazeltest/keys{/key_id}"
                    },
                    {
                      "k": "labels_url",
                      "v": "https://api.github.com/repos/sujini-v/sujinibazeltest/labels{/name}"
                    },
                    {
                      "k": "language",
                      "v": null
                    },
                    {
                      "k": "languages_url",
                      "v": "https://api.github.com/repos/sujini-v/sujinibazeltest/languages"
                    },
                    {
                      "k": "license",
                      "v": null
                    },
                    {
                      "k": "master_branch",
                      "v": "main"
                    },
                    {
                      "k": "merges_url",
                      "v": "https://api.github.com/repos/sujini-v/sujinibazeltest/merges"
                    },
                    {
                      "k": "milestones_url",
                      "v": "https://api.github.com/repos/sujini-v/sujinibazeltest/milestones{/number}"
                    },
                    {
                      "k": "mirror_url",
                      "v": null
                    },
                    {
                      "k": "name",
                      "v": "sujinibazeltest"
                    },
                    {
                      "k": "node_id",
                      "v": "R_kgDOPkW77w"
                    },
                    {
                      "k": "notifications_url",
                      "v": "https://api.github.com/repos/sujini-v/sujinibazeltest/notifications{?since,all,participating}"
                    },
                    {
                      "k": "open_issues",
                      "v": 0.0
                    },
                    {
                      "k": "open_issues_count",
                      "v": 0.0
                    },
                    {
                      "k": "owner",
                      "v": {
                        "t": 2,
                        "d": [
                          {
                            "k": "avatar_url",
                            "v": "https://avatars.githubusercontent.com/u/228662219?v=4"
                          },
                          {
                            "k": "email",
                            "v": "vsujini94@gmail.com"
                          },
                          {
                            "k": "events_url",
                            "v": "https://api.github.com/users/sujini-v/events{/privacy}"
                          },
                          {
                            "k": "followers_url",
                            "v": "https://api.github.com/users/sujini-v/followers"
                          },
                          {
                            "k": "following_url",
                            "v": "https://api.github.com/users/sujini-v/following{/other_user}"
                          },
                          {
                            "k": "gists_url",
                            "v": "https://api.github.com/users/sujini-v/gists{/gist_id}"
                          },
                          {
                            "k": "gravatar_id",
                            "v": ""
                          },
                          {
                            "k": "html_url",
                            "v": "https://github.com/sujini-v"
                          },
                          {
                            "k": "id",
                            "v": 228662219.0
                          },
                          {
                            "k": "login",
                            "v": "sujini-v"
                          },
                          {
                            "k": "name",
                            "v": "sujini-v"
                          },
                          {
                            "k": "node_id",
                            "v": "U_kgDODaEbyw"
                          },
                          {
                            "k": "organizations_url",
                            "v": "https://api.github.com/users/sujini-v/orgs"
                          },
                          {
                            "k": "received_events_url",
                            "v": "https://api.github.com/users/sujini-v/received_events"
                          },
                          {
                            "k": "repos_url",
                            "v": "https://api.github.com/users/sujini-v/repos"
                          },
                          {
                            "k": "site_admin",
                            "v": false
                          },
                          {
                            "k": "starred_url",
                            "v": "https://api.github.com/users/sujini-v/starred{/owner}{/repo}"
                          },
                          {
                            "k": "subscriptions_url",
                            "v": "https://api.github.com/users/sujini-v/subscriptions"
                          },
                          {
                            "k": "type",
                            "v": "User"
                          },
                          {
                            "k": "url",
                            "v": "https://api.github.com/users/sujini-v"
                          },
                          {
                            "k": "user_view_type",
                            "v": "public"
                          }
                        ]
                      }
                    },
                    {
                      "k": "private",
                      "v": false
                    },
                    {
                      "k": "pulls_url",
                      "v": "https://api.github.com/repos/sujini-v/sujinibazeltest/pulls{/number}"
                    },
                    {
                      "k": "pushed_at",
                      "v": 1756381312.0
                    },
                    {
                      "k": "releases_url",
                      "v": "https://api.github.com/repos/sujini-v/sujinibazeltest/releases{/id}"
                    },
                    {
                      "k": "size",
                      "v": 174859.0
                    },
                    {
                      "k": "ssh_url",
                      "v": "git@github.com:sujini-v/sujinibazeltest.git"
                    },
                    {
                      "k": "stargazers",
                      "v": 0.0
                    },
                    {
                      "k": "stargazers_count",
                      "v": 0.0
                    },
                    {
                      "k": "stargazers_url",
                      "v": "https://api.github.com/repos/sujini-v/sujinibazeltest/stargazers"
                    },
                    {
                      "k": "statuses_url",
                      "v": "https://api.github.com/repos/sujini-v/sujinibazeltest/statuses/{sha}"
                    },
                    {
                      "k": "subscribers_url",
                      "v": "https://api.github.com/repos/sujini-v/sujinibazeltest/subscribers"
                    },
                    {
                      "k": "subscription_url",
                      "v": "https://api.github.com/repos/sujini-v/sujinibazeltest/subscription"
                    },
                    {
                      "k": "svn_url",
                      "v": "https://github.com/sujini-v/sujinibazeltest"
                    },
                    {
                      "k": "tags_url",
                      "v": "https://api.github.com/repos/sujini-v/sujinibazeltest/tags"
                    },
                    {
                      "k": "teams_url",
                      "v": "https://api.github.com/repos/sujini-v/sujinibazeltest/teams"
                    },
                    {
                      "k": "topics",
                      "v": {
                        "t": 1
                      }
                    },
                    {
                      "k": "trees_url",
                      "v": "https://api.github.com/repos/sujini-v/sujinibazeltest/git/trees{/sha}"
                    },
                    {
                      "k": "updated_at",
                      "v": "2025-08-26T07:16:15Z"
                    },
                    {
                      "k": "url",
                      "v": "https://api.github.com/repos/sujini-v/sujinibazeltest"
                    },
                    {
                      "k": "visibility",
                      "v": "public"
                    },
                    {
                      "k": "watchers",
                      "v": 0.0
                    },
                    {
                      "k": "watchers_count",
                      "v": 0.0
                    },
                    {
                      "k": "web_commit_signoff_required",
                      "v": false
                    }
                  ]
                }
              },
              {
                "k": "sender",
                "v": {
                  "t": 2,
                  "d": [
                    {
                      "k": "avatar_url",
                      "v": "https://avatars.githubusercontent.com/u/228662219?v=4"
                    },
                    {
                      "k": "events_url",
                      "v": "https://api.github.com/users/sujini-v/events{/privacy}"
                    },
                    {
                      "k": "followers_url",
                      "v": "https://api.github.com/users/sujini-v/followers"
                    },
                    {
                      "k": "following_url",
                      "v": "https://api.github.com/users/sujini-v/following{/other_user}"
                    },
                    {
                      "k": "gists_url",
                      "v": "https://api.github.com/users/sujini-v/gists{/gist_id}"
                    },
                    {
                      "k": "gravatar_id",
                      "v": ""
                    },
                    {
                      "k": "html_url",
                      "v": "https://github.com/sujini-v"
                    },
                    {
                      "k": "id",
                      "v": 228662219.0
                    },
                    {
                      "k": "login",
                      "v": "sujini-v"
                    },
                    {
                      "k": "node_id",
                      "v": "U_kgDODaEbyw"
                    },
                    {
                      "k": "organizations_url",
                      "v": "https://api.github.com/users/sujini-v/orgs"
                    },
                    {
                      "k": "received_events_url",
                      "v": "https://api.github.com/users/sujini-v/received_events"
                    },
                    {
                      "k": "repos_url",
                      "v": "https://api.github.com/users/sujini-v/repos"
                    },
                    {
                      "k": "site_admin",
                      "v": false
                    },
                    {
                      "k": "starred_url",
                      "v": "https://api.github.com/users/sujini-v/starred{/owner}{/repo}"
                    },
                    {
                      "k": "subscriptions_url",
                      "v": "https://api.github.com/users/sujini-v/subscriptions"
                    },
                    {
                      "k": "type",
                      "v": "User"
                    },
                    {
                      "k": "url",
                      "v": "https://api.github.com/users/sujini-v"
                    },
                    {
                      "k": "user_view_type",
                      "v": "public"
                    }
                  ]
                }
              }
            ]
          }
        },
        {
          "k": "workflow_ref",
          "v": "sujini-v/sujinibazeltest/.github/workflows/build.yml@refs/heads/bazelselfhost"
        },
        {
          "k": "workflow_sha",
          "v": "4577331d883fef9dd84ff328fb6a81bbb9b998a0"
        },
        {
          "k": "repository_id",
          "v": "1044757487"
        },
        {
          "k": "triggering_actor",
          "v": "sujini-v"
        }
      ]
    },
    "inputs": {
      "t": 2
    },
    "matrix": null,
    "needs": {
      "t": 2
    },
    "strategy": {
      "t": 2,
      "d": [
        {
          "k": "fail-fast",
          "v": true
        },
        {
          "k": "job-index",
          "v": 0.0
        },
        {
          "k": "job-total",
          "v": 1.0
        },
        {
          "k": "max-parallel",
          "v": 1.0
        }
      ]
    },
    "vars": {
      "t": 2
    }
  },
  "billingOwnerId": "U_kgDODaEbyw"
}
[2025-08-28 11:43:10Z INFO JobRunner] Job ID f230ab2f-cc1b-583f-9217-292a2b8acb87
[2025-08-28 11:43:10Z INFO ConfigurationStore] currentAssemblyLocation: C:\Users\sujiniv\Documents\GitHub\sujinibazeltest\actions-runner\bin\Runner.Worker.dll
[2025-08-28 11:43:10Z INFO HostContext] Well known directory 'Bin': 'C:\Users\sujiniv\Documents\GitHub\sujinibazeltest\actions-runner\bin'
[2025-08-28 11:43:10Z INFO ConfigurationStore] binPath: C:\Users\sujiniv\Documents\GitHub\sujinibazeltest\actions-runner\bin
[2025-08-28 11:43:10Z INFO HostContext] Well known directory 'Bin': 'C:\Users\sujiniv\Documents\GitHub\sujinibazeltest\actions-runner\bin'
[2025-08-28 11:43:10Z INFO HostContext] Well known directory 'Root': 'C:\Users\sujiniv\Documents\GitHub\sujinibazeltest\actions-runner'
[2025-08-28 11:43:10Z INFO ConfigurationStore] RootFolder: C:\Users\sujiniv\Documents\GitHub\sujinibazeltest\actions-runner
[2025-08-28 11:43:10Z INFO HostContext] Well known directory 'Bin': 'C:\Users\sujiniv\Documents\GitHub\sujinibazeltest\actions-runner\bin'
[2025-08-28 11:43:10Z INFO HostContext] Well known directory 'Root': 'C:\Users\sujiniv\Documents\GitHub\sujinibazeltest\actions-runner'
[2025-08-28 11:43:10Z INFO HostContext] Well known config file 'Runner': 'C:\Users\sujiniv\Documents\GitHub\sujinibazeltest\actions-runner\.runner'
[2025-08-28 11:43:10Z INFO ConfigurationStore] ConfigFilePath: C:\Users\sujiniv\Documents\GitHub\sujinibazeltest\actions-runner\.runner
[2025-08-28 11:43:10Z INFO HostContext] Well known directory 'Bin': 'C:\Users\sujiniv\Documents\GitHub\sujinibazeltest\actions-runner\bin'
[2025-08-28 11:43:10Z INFO HostContext] Well known directory 'Root': 'C:\Users\sujiniv\Documents\GitHub\sujinibazeltest\actions-runner'
[2025-08-28 11:43:10Z INFO HostContext] Well known config file 'MigratedRunner': 'C:\Users\sujiniv\Documents\GitHub\sujinibazeltest\actions-runner\.runner_migrated'
[2025-08-28 11:43:10Z INFO ConfigurationStore] MigratedConfigFilePath: C:\Users\sujiniv\Documents\GitHub\sujinibazeltest\actions-runner\.runner_migrated
[2025-08-28 11:43:10Z INFO HostContext] Well known directory 'Bin': 'C:\Users\sujiniv\Documents\GitHub\sujinibazeltest\actions-runner\bin'
[2025-08-28 11:43:10Z INFO HostContext] Well known directory 'Root': 'C:\Users\sujiniv\Documents\GitHub\sujinibazeltest\actions-runner'
[2025-08-28 11:43:10Z INFO HostContext] Well known config file 'Credentials': 'C:\Users\sujiniv\Documents\GitHub\sujinibazeltest\actions-runner\.credentials'
[2025-08-28 11:43:10Z INFO ConfigurationStore] CredFilePath: C:\Users\sujiniv\Documents\GitHub\sujinibazeltest\actions-runner\.credentials
[2025-08-28 11:43:10Z INFO HostContext] Well known directory 'Bin': 'C:\Users\sujiniv\Documents\GitHub\sujinibazeltest\actions-runner\bin'
[2025-08-28 11:43:10Z INFO HostContext] Well known directory 'Root': 'C:\Users\sujiniv\Documents\GitHub\sujinibazeltest\actions-runner'
[2025-08-28 11:43:10Z INFO HostContext] Well known config file 'MigratedCredentials': 'C:\Users\sujiniv\Documents\GitHub\sujinibazeltest\actions-runner\.credentials_migrated'
[2025-08-28 11:43:10Z INFO ConfigurationStore] MigratedCredFilePath: C:\Users\sujiniv\Documents\GitHub\sujinibazeltest\actions-runner\.credentials_migrated
[2025-08-28 11:43:10Z INFO HostContext] Well known directory 'Bin': 'C:\Users\sujiniv\Documents\GitHub\sujinibazeltest\actions-runner\bin'
[2025-08-28 11:43:10Z INFO HostContext] Well known directory 'Root': 'C:\Users\sujiniv\Documents\GitHub\sujinibazeltest\actions-runner'
[2025-08-28 11:43:10Z INFO HostContext] Well known config file 'Service': 'C:\Users\sujiniv\Documents\GitHub\sujinibazeltest\actions-runner\.service'
[2025-08-28 11:43:10Z INFO ConfigurationStore] ServiceConfigFilePath: C:\Users\sujiniv\Documents\GitHub\sujinibazeltest\actions-runner\.service
[2025-08-28 11:43:10Z INFO ConfigurationStore] Read setting file: 395 chars
[2025-08-28 11:43:10Z INFO JobRunner] Initializing launch client
[2025-08-28 11:43:10Z INFO JobServerQueue] Initializing results client
[2025-08-28 11:43:10Z INFO ResultServer] Creating websocket client ...wss://results-receiver.actions.githubusercontent.com/_ws/ingest.sock
[2025-08-28 11:43:10Z INFO ResultServer] Attempting to start websocket client with delay 00:00:00.
[2025-08-28 11:43:10Z INFO JobServerQueue] Start process web console line queue.
[2025-08-28 11:43:10Z INFO JobServerQueue] Start process file upload queue.
[2025-08-28 11:43:10Z INFO JobServerQueue] Start results file upload queue.
[2025-08-28 11:43:10Z INFO JobServerQueue] Starting results-based upload queue...
[2025-08-28 11:43:10Z INFO JobServerQueue] Start process timeline update queue.
[2025-08-28 11:43:10Z INFO ExecutionContext] Initializing Job context
[2025-08-28 11:43:10Z INFO ExecutionContext] Initialize GitHub context
[2025-08-28 11:43:10Z INFO ExecutionContext] Initialize Env context
[2025-08-28 11:43:10Z INFO HostContext] Well known directory 'Bin': 'C:\Users\sujiniv\Documents\GitHub\sujinibazeltest\actions-runner\bin'
[2025-08-28 11:43:10Z INFO HostContext] Well known directory 'Root': 'C:\Users\sujiniv\Documents\GitHub\sujinibazeltest\actions-runner'
[2025-08-28 11:43:10Z INFO HostContext] Well known directory 'Diag': 'C:\Users\sujiniv\Documents\GitHub\sujinibazeltest\actions-runner\_diag'
[2025-08-28 11:43:10Z INFO HostContext] Well known directory 'Bin': 'C:\Users\sujiniv\Documents\GitHub\sujinibazeltest\actions-runner\bin'
[2025-08-28 11:43:10Z INFO HostContext] Well known directory 'Root': 'C:\Users\sujiniv\Documents\GitHub\sujinibazeltest\actions-runner'
[2025-08-28 11:43:10Z INFO HostContext] Well known directory 'Diag': 'C:\Users\sujiniv\Documents\GitHub\sujinibazeltest\actions-runner\_diag'
[2025-08-28 11:43:10Z INFO JobRunner] Starting the job execution context.
[2025-08-28 11:43:10Z INFO HostContext] Well known directory 'Bin': 'C:\Users\sujiniv\Documents\GitHub\sujinibazeltest\actions-runner\bin'
[2025-08-28 11:43:10Z INFO HostContext] Well known directory 'Root': 'C:\Users\sujiniv\Documents\GitHub\sujinibazeltest\actions-runner'
[2025-08-28 11:43:10Z INFO HostContext] Well known directory 'Work': 'C:\Users\sujiniv\Documents\GitHub\sujinibazeltest\actions-runner\_work'
[2025-08-28 11:43:10Z INFO JobRunner] Validating directory permissions for: 'C:\Users\sujiniv\Documents\GitHub\sujinibazeltest\actions-runner\_work'
[2025-08-28 11:43:10Z INFO HostContext] Well known directory 'Bin': 'C:\Users\sujiniv\Documents\GitHub\sujinibazeltest\actions-runner\bin'
[2025-08-28 11:43:10Z INFO HostContext] Well known directory 'Root': 'C:\Users\sujiniv\Documents\GitHub\sujinibazeltest\actions-runner'
[2025-08-28 11:43:10Z INFO HostContext] Well known directory 'Work': 'C:\Users\sujiniv\Documents\GitHub\sujinibazeltest\actions-runner\_work'
[2025-08-28 11:43:10Z INFO HostContext] Well known directory 'Tools': 'C:\Users\sujiniv\Documents\GitHub\sujinibazeltest\actions-runner\_work\_tool'
[2025-08-28 11:43:10Z INFO HostContext] Well known directory 'Bin': 'C:\Users\sujiniv\Documents\GitHub\sujinibazeltest\actions-runner\bin'
[2025-08-28 11:43:10Z INFO HostContext] Well known directory 'Root': 'C:\Users\sujiniv\Documents\GitHub\sujinibazeltest\actions-runner'
[2025-08-28 11:43:10Z INFO HostContext] Well known directory 'Work': 'C:\Users\sujiniv\Documents\GitHub\sujinibazeltest\actions-runner\_work'
[2025-08-28 11:43:10Z INFO HostContext] Well known directory 'Temp': 'C:\Users\sujiniv\Documents\GitHub\sujinibazeltest\actions-runner\_work\_temp'
[2025-08-28 11:43:10Z INFO JobRunner] Getting job extension.
[2025-08-28 11:43:10Z INFO JobRunner] Initialize job. Getting all job steps.
[2025-08-28 11:43:10Z INFO HostContext] Well known directory 'Bin': 'C:\Users\sujiniv\Documents\GitHub\sujinibazeltest\actions-runner\bin'
[2025-08-28 11:43:10Z INFO HostContext] Well known directory 'Root': 'C:\Users\sujiniv\Documents\GitHub\sujinibazeltest\actions-runner'
[2025-08-28 11:43:10Z INFO HostContext] Well known directory 'Diag': 'C:\Users\sujiniv\Documents\GitHub\sujinibazeltest\actions-runner\_diag'
[2025-08-28 11:43:10Z INFO HostContext] Well known directory 'Bin': 'C:\Users\sujiniv\Documents\GitHub\sujinibazeltest\actions-runner\bin'
[2025-08-28 11:43:10Z INFO HostContext] Well known directory 'Root': 'C:\Users\sujiniv\Documents\GitHub\sujinibazeltest\actions-runner'
[2025-08-28 11:43:10Z INFO HostContext] Well known directory 'Diag': 'C:\Users\sujiniv\Documents\GitHub\sujinibazeltest\actions-runner\_diag'
[2025-08-28 11:43:10Z INFO HostContext] Well known directory 'Bin': 'C:\Users\sujiniv\Documents\GitHub\sujinibazeltest\actions-runner\bin'
[2025-08-28 11:43:10Z INFO HostContext] Well known directory 'Root': 'C:\Users\sujiniv\Documents\GitHub\sujinibazeltest\actions-runner'
[2025-08-28 11:43:10Z INFO HostContext] Well known config file 'Credentials': 'C:\Users\sujiniv\Documents\GitHub\sujinibazeltest\actions-runner\.credentials'
[2025-08-28 11:43:10Z INFO HostContext] Well known directory 'Bin': 'C:\Users\sujiniv\Documents\GitHub\sujinibazeltest\actions-runner\bin'
[2025-08-28 11:43:10Z INFO HostContext] Well known directory 'Root': 'C:\Users\sujiniv\Documents\GitHub\sujinibazeltest\actions-runner'
[2025-08-28 11:43:10Z INFO HostContext] Well known config file 'SetupInfo': 'C:\Users\sujiniv\Documents\GitHub\sujinibazeltest\actions-runner\.setup_info'
[2025-08-28 11:43:10Z INFO HostContext] Well known directory 'Bin': 'C:\Users\sujiniv\Documents\GitHub\sujinibazeltest\actions-runner\bin'
[2025-08-28 11:43:10Z INFO HostContext] Well known directory 'Root': 'C:\Users\sujiniv\Documents\GitHub\sujinibazeltest\actions-runner'
[2025-08-28 11:43:10Z INFO HostContext] Well known directory 'Work': 'C:\Users\sujiniv\Documents\GitHub\sujinibazeltest\actions-runner\_work'
[2025-08-28 11:43:10Z INFO PipelineDirectoryManager] Loading tracking config if exists: C:\Users\sujiniv\Documents\GitHub\sujinibazeltest\actions-runner\_work\_PipelineMapping\sujini-v/sujinibazeltest\PipelineFolder.json
[2025-08-28 11:43:10Z INFO PipelineDirectoryManager] Updating job run properties.
[2025-08-28 11:43:10Z INFO HostContext] Well known directory 'Bin': 'C:\Users\sujiniv\Documents\GitHub\sujinibazeltest\actions-runner\bin'
[2025-08-28 11:43:10Z INFO HostContext] Well known directory 'Root': 'C:\Users\sujiniv\Documents\GitHub\sujinibazeltest\actions-runner'
[2025-08-28 11:43:10Z INFO HostContext] Well known directory 'Work': 'C:\Users\sujiniv\Documents\GitHub\sujinibazeltest\actions-runner\_work'
[2025-08-28 11:43:10Z INFO HostContext] Well known directory 'Bin': 'C:\Users\sujiniv\Documents\GitHub\sujinibazeltest\actions-runner\bin'
[2025-08-28 11:43:10Z INFO HostContext] Well known directory 'Root': 'C:\Users\sujiniv\Documents\GitHub\sujinibazeltest\actions-runner'
[2025-08-28 11:43:10Z INFO HostContext] Well known directory 'Work': 'C:\Users\sujiniv\Documents\GitHub\sujinibazeltest\actions-runner\_work'
[2025-08-28 11:43:10Z INFO HostContext] Well known directory 'Bin': 'C:\Users\sujiniv\Documents\GitHub\sujinibazeltest\actions-runner\bin'
[2025-08-28 11:43:10Z INFO HostContext] Well known directory 'Root': 'C:\Users\sujiniv\Documents\GitHub\sujinibazeltest\actions-runner'
[2025-08-28 11:43:10Z INFO HostContext] Well known directory 'Work': 'C:\Users\sujiniv\Documents\GitHub\sujinibazeltest\actions-runner\_work'
[2025-08-28 11:43:10Z INFO JobExtension] Downloading actions
[2025-08-28 11:43:10Z INFO HostContext] Well known directory 'Bin': 'C:\Users\sujiniv\Documents\GitHub\sujinibazeltest\actions-runner\bin'
[2025-08-28 11:43:10Z INFO HostContext] Well known directory 'Root': 'C:\Users\sujiniv\Documents\GitHub\sujinibazeltest\actions-runner'
[2025-08-28 11:43:10Z INFO HostContext] Well known directory 'Work': 'C:\Users\sujiniv\Documents\GitHub\sujinibazeltest\actions-runner\_work'
[2025-08-28 11:43:10Z INFO HostContext] Well known directory 'Actions': 'C:\Users\sujiniv\Documents\GitHub\sujinibazeltest\actions-runner\_work\_actions'
[2025-08-28 11:43:10Z INFO JobExtension] Adding .
[2025-08-28 11:43:10Z INFO HostContext] Well known directory 'Bin': 'C:\Users\sujiniv\Documents\GitHub\sujinibazeltest\actions-runner\bin'
[2025-08-28 11:43:10Z INFO HostContext] Well known directory 'Root': 'C:\Users\sujiniv\Documents\GitHub\sujinibazeltest\actions-runner'
[2025-08-28 11:43:10Z INFO HostContext] Well known directory 'Diag': 'C:\Users\sujiniv\Documents\GitHub\sujinibazeltest\actions-runner\_diag'
[2025-08-28 11:43:10Z INFO HostContext] Well known directory 'Bin': 'C:\Users\sujiniv\Documents\GitHub\sujinibazeltest\actions-runner\bin'
[2025-08-28 11:43:10Z INFO HostContext] Well known directory 'Root': 'C:\Users\sujiniv\Documents\GitHub\sujinibazeltest\actions-runner'
[2025-08-28 11:43:10Z INFO HostContext] Well known directory 'Diag': 'C:\Users\sujiniv\Documents\GitHub\sujinibazeltest\actions-runner\_diag'
[2025-08-28 11:43:10Z INFO JobExtension] Total accessible running process: 347.
[2025-08-28 11:43:10Z INFO HostContext] Well known directory 'Bin': 'C:\Users\sujiniv\Documents\GitHub\sujinibazeltest\actions-runner\bin'
[2025-08-28 11:43:10Z INFO HostContext] Well known directory 'Root': 'C:\Users\sujiniv\Documents\GitHub\sujinibazeltest\actions-runner'
[2025-08-28 11:43:10Z INFO HostContext] Well known directory 'Work': 'C:\Users\sujiniv\Documents\GitHub\sujinibazeltest\actions-runner\_work'
[2025-08-28 11:43:10Z INFO JobExtension] Start checking service connectivity in background.
[2025-08-28 11:43:10Z INFO ExecutionContext] Publish step telemetry for current step {
  "action": "setup_job",
  "type": "runner",
  "stage": "Pre",
  "stepId": "97f875f6-e90a-4b6a-bde9-5172bd56d09c",
  "result": "succeeded",
  "errorMessages": [],
  "executionTimeInSeconds": 1,
  "startTime": "2025-08-28T11:43:10.6543373Z",
  "finishTime": "2025-08-28T11:43:10.7922545Z"
}.
[2025-08-28 11:43:10Z INFO JobRunner] Total job steps: 1.
[2025-08-28 11:43:10Z INFO JobRunner] Run all job steps.
[2025-08-28 11:43:10Z INFO StepsRunner] Processing step: DisplayName='Set up GHS compiler path'
[2025-08-28 11:43:10Z INFO StepsRunner] Evaluating: success()
[2025-08-28 11:43:10Z INFO StepsRunner] Result: true
[2025-08-28 11:43:10Z INFO StepsRunner] Starting the step.
[2025-08-28 11:43:10Z INFO HostContext] Well known directory 'Bin': 'C:\Users\sujiniv\Documents\GitHub\sujinibazeltest\actions-runner\bin'
[2025-08-28 11:43:10Z INFO HostContext] Well known directory 'Root': 'C:\Users\sujiniv\Documents\GitHub\sujinibazeltest\actions-runner'
[2025-08-28 11:43:10Z INFO HostContext] Well known directory 'Work': 'C:\Users\sujiniv\Documents\GitHub\sujinibazeltest\actions-runner\_work'
[2025-08-28 11:43:10Z INFO StepsRunner] Which2: 'chcp'
[2025-08-28 11:43:10Z INFO StepsRunner] Location: 'C:\Windows\System32\chcp.COM'
[2025-08-28 11:43:10Z INFO ProcessInvokerWrapper] Starting process:
[2025-08-28 11:43:10Z INFO ProcessInvokerWrapper]   File name: 'C:\Windows\System32\chcp.COM'
[2025-08-28 11:43:10Z INFO ProcessInvokerWrapper]   Arguments: '65001'
[2025-08-28 11:43:10Z INFO ProcessInvokerWrapper]   Working directory: 'C:\Users\sujiniv\Documents\GitHub\sujinibazeltest\actions-runner\_work'
[2025-08-28 11:43:10Z INFO ProcessInvokerWrapper]   Require exit code zero: 'False'
[2025-08-28 11:43:10Z INFO ProcessInvokerWrapper]   Encoding web name:  ; code page: ''
[2025-08-28 11:43:10Z INFO ProcessInvokerWrapper]   Force kill process on cancellation: 'False'
[2025-08-28 11:43:10Z INFO ProcessInvokerWrapper]   Redirected STDIN: 'False'
[2025-08-28 11:43:10Z INFO ProcessInvokerWrapper]   Persist current code page: 'True'
[2025-08-28 11:43:10Z INFO ProcessInvokerWrapper]   Keep redirected STDIN open: 'False'
[2025-08-28 11:43:10Z INFO ProcessInvokerWrapper]   High priority process: 'False'
[2025-08-28 11:43:10Z INFO ProcessInvokerWrapper] Process started with process id 1676, waiting for process exit.
[2025-08-28 11:43:10Z INFO Worker] Listening for cancel message from the channel.
[2025-08-28 11:43:10Z INFO Worker] Waiting for the job to complete or for a cancel message from the channel.
[2025-08-28 11:43:10Z INFO ProcessInvokerWrapper] STDOUT/STDERR stream read finished.
[2025-08-28 11:43:10Z INFO ProcessInvokerWrapper] STDOUT/STDERR stream read finished.
[2025-08-28 11:43:10Z INFO ProcessInvokerWrapper] Finished process 1676 with exit code 0, and elapsed time 00:00:00.0552069.
[2025-08-28 11:43:10Z INFO StepsRunner] Successfully returned to code page 65001 (UTF8)
[2025-08-28 11:43:10Z INFO HostContext] Well known directory 'Bin': 'C:\Users\sujiniv\Documents\GitHub\sujinibazeltest\actions-runner\bin'
[2025-08-28 11:43:10Z INFO HostContext] Well known directory 'Root': 'C:\Users\sujiniv\Documents\GitHub\sujinibazeltest\actions-runner'
[2025-08-28 11:43:10Z INFO HostContext] Well known directory 'Work': 'C:\Users\sujiniv\Documents\GitHub\sujinibazeltest\actions-runner\_work'
[2025-08-28 11:43:10Z INFO HostContext] Well known directory 'Temp': 'C:\Users\sujiniv\Documents\GitHub\sujinibazeltest\actions-runner\_work\_temp'
[2025-08-28 11:43:10Z INFO ExecutionContext] Write event payload to C:\Users\sujiniv\Documents\GitHub\sujinibazeltest\actions-runner\_work\_temp\_github_workflow\event.json
[2025-08-28 11:43:10Z INFO HostContext] Well known directory 'Bin': 'C:\Users\sujiniv\Documents\GitHub\sujinibazeltest\actions-runner\bin'
[2025-08-28 11:43:10Z INFO HostContext] Well known directory 'Root': 'C:\Users\sujiniv\Documents\GitHub\sujinibazeltest\actions-runner'
[2025-08-28 11:43:10Z INFO HostContext] Well known directory 'Work': 'C:\Users\sujiniv\Documents\GitHub\sujinibazeltest\actions-runner\_work'
[2025-08-28 11:43:10Z INFO HostContext] Well known directory 'Temp': 'C:\Users\sujiniv\Documents\GitHub\sujinibazeltest\actions-runner\_work\_temp'
[2025-08-28 11:43:10Z INFO ExtensionManager] Getting extensions for interface: 'GitHub.Runner.Worker.IFileCommandExtension'
[2025-08-28 11:43:10Z INFO ExtensionManager] Creating instance: GitHub.Runner.Worker.AddPathFileCommand, Runner.Worker
[2025-08-28 11:43:10Z INFO ExtensionManager] Creating instance: GitHub.Runner.Worker.SetEnvFileCommand, Runner.Worker
[2025-08-28 11:43:10Z INFO ExtensionManager] Creating instance: GitHub.Runner.Worker.CreateStepSummaryCommand, Runner.Worker
[2025-08-28 11:43:10Z INFO ExtensionManager] Creating instance: GitHub.Runner.Worker.SaveStateFileCommand, Runner.Worker
[2025-08-28 11:43:10Z INFO ExtensionManager] Creating instance: GitHub.Runner.Worker.SetOutputFileCommand, Runner.Worker
[2025-08-28 11:43:10Z INFO ExtensionManager] Getting extensions for interface: 'GitHub.Runner.Worker.IActionCommandExtension'
[2025-08-28 11:43:10Z INFO ExtensionManager] Creating instance: GitHub.Runner.Worker.InternalPluginSetRepoPathCommandExtension, Runner.Worker
[2025-08-28 11:43:10Z INFO ExtensionManager] Creating instance: GitHub.Runner.Worker.SetEnvCommandExtension, Runner.Worker
[2025-08-28 11:43:10Z INFO ExtensionManager] Creating instance: GitHub.Runner.Worker.SetOutputCommandExtension, Runner.Worker
[2025-08-28 11:43:10Z INFO ExtensionManager] Creating instance: GitHub.Runner.Worker.SaveStateCommandExtension, Runner.Worker
[2025-08-28 11:43:10Z INFO ExtensionManager] Creating instance: GitHub.Runner.Worker.AddPathCommandExtension, Runner.Worker
[2025-08-28 11:43:10Z INFO ExtensionManager] Creating instance: GitHub.Runner.Worker.AddMaskCommandExtension, Runner.Worker
[2025-08-28 11:43:10Z INFO ExtensionManager] Creating instance: GitHub.Runner.Worker.AddMatcherCommandExtension, Runner.Worker
[2025-08-28 11:43:10Z INFO ExtensionManager] Creating instance: GitHub.Runner.Worker.RemoveMatcherCommandExtension, Runner.Worker
[2025-08-28 11:43:10Z INFO ExtensionManager] Creating instance: GitHub.Runner.Worker.WarningCommandExtension, Runner.Worker
[2025-08-28 11:43:10Z INFO ExtensionManager] Creating instance: GitHub.Runner.Worker.ErrorCommandExtension, Runner.Worker
[2025-08-28 11:43:10Z INFO ExtensionManager] Creating instance: GitHub.Runner.Worker.NoticeCommandExtension, Runner.Worker
[2025-08-28 11:43:10Z INFO ExtensionManager] Creating instance: GitHub.Runner.Worker.DebugCommandExtension, Runner.Worker
[2025-08-28 11:43:10Z INFO ExtensionManager] Creating instance: GitHub.Runner.Worker.GroupCommandExtension, Runner.Worker
[2025-08-28 11:43:10Z INFO ExtensionManager] Creating instance: GitHub.Runner.Worker.EndGroupCommandExtension, Runner.Worker
[2025-08-28 11:43:10Z INFO ExtensionManager] Creating instance: GitHub.Runner.Worker.EchoCommandExtension, Runner.Worker
[2025-08-28 11:43:10Z INFO ActionCommandManager] Register action command extension for command internal-set-repo-path
[2025-08-28 11:43:10Z INFO ActionCommandManager] Register action command extension for command set-env
[2025-08-28 11:43:10Z INFO ActionCommandManager] Register action command extension for command set-output
[2025-08-28 11:43:10Z INFO ActionCommandManager] Register action command extension for command save-state
[2025-08-28 11:43:10Z INFO ActionCommandManager] Register action command extension for command add-path
[2025-08-28 11:43:10Z INFO ActionCommandManager] Register action command extension for command add-mask
[2025-08-28 11:43:10Z INFO ActionCommandManager] Register action command extension for command add-matcher
[2025-08-28 11:43:10Z INFO ActionCommandManager] Register action command extension for command remove-matcher
[2025-08-28 11:43:10Z INFO ActionCommandManager] Register action command extension for command warning
[2025-08-28 11:43:10Z INFO ActionCommandManager] Register action command extension for command error
[2025-08-28 11:43:10Z INFO ActionCommandManager] Register action command extension for command notice
[2025-08-28 11:43:10Z INFO ActionCommandManager] Register action command extension for command debug
[2025-08-28 11:43:10Z INFO ActionCommandManager] Register action command extension for command group
[2025-08-28 11:43:10Z INFO ActionCommandManager] Register action command extension for command endgroup
[2025-08-28 11:43:10Z INFO ActionCommandManager] Register action command extension for command echo
[2025-08-28 11:43:10Z INFO ScriptHandler] Which2: 'cmd'
[2025-08-28 11:43:10Z INFO ScriptHandler] Location: 'C:\Windows\System32\cmd.EXE'
[2025-08-28 11:43:10Z INFO HostContext] Well known directory 'Bin': 'C:\Users\sujiniv\Documents\GitHub\sujinibazeltest\actions-runner\bin'
[2025-08-28 11:43:10Z INFO HostContext] Well known directory 'Root': 'C:\Users\sujiniv\Documents\GitHub\sujinibazeltest\actions-runner'
[2025-08-28 11:43:10Z INFO HostContext] Well known directory 'Work': 'C:\Users\sujiniv\Documents\GitHub\sujinibazeltest\actions-runner\_work'
[2025-08-28 11:43:10Z INFO HostContext] Well known directory 'Temp': 'C:\Users\sujiniv\Documents\GitHub\sujinibazeltest\actions-runner\_work\_temp'
[2025-08-28 11:43:10Z INFO ScriptHandler] Which2: 'cmd'
[2025-08-28 11:43:10Z INFO ScriptHandler] Location: 'C:\Windows\System32\cmd.EXE'
[2025-08-28 11:43:10Z INFO ProcessInvokerWrapper] Starting process:
[2025-08-28 11:43:10Z INFO ProcessInvokerWrapper]   File name: 'C:\Windows\System32\cmd.EXE'
[2025-08-28 11:43:10Z INFO ProcessInvokerWrapper]   Arguments: '/D /E:ON /V:OFF /S /C "CALL "C:\Users\sujiniv\Documents\GitHub\sujinibazeltest\actions-runner\_work\_temp\2c42fdbd-dd63-4174-9e32-5c110114c997.cmd""'
[2025-08-28 11:43:10Z INFO ProcessInvokerWrapper]   Working directory: 'C:\Users\sujiniv\Documents\GitHub\sujinibazeltest\actions-runner\_work\sujinibazeltest\sujinibazeltest'
[2025-08-28 11:43:10Z INFO ProcessInvokerWrapper]   Require exit code zero: 'False'
[2025-08-28 11:43:10Z INFO ProcessInvokerWrapper]   Encoding web name:  ; code page: ''
[2025-08-28 11:43:10Z INFO ProcessInvokerWrapper]   Force kill process on cancellation: 'False'
[2025-08-28 11:43:10Z INFO ProcessInvokerWrapper]   Redirected STDIN: 'False'
[2025-08-28 11:43:10Z INFO ProcessInvokerWrapper]   Persist current code page: 'True'
[2025-08-28 11:43:10Z INFO ProcessInvokerWrapper]   Keep redirected STDIN open: 'False'
[2025-08-28 11:43:10Z INFO ProcessInvokerWrapper]   High priority process: 'False'
[2025-08-28 11:43:11Z INFO ProcessInvokerWrapper] Process started with process id 17312, waiting for process exit.
[2025-08-28 11:43:11Z INFO ProcessInvokerWrapper] STDOUT/STDERR stream read finished.
[2025-08-28 11:43:11Z INFO ProcessInvokerWrapper] STDOUT/STDERR stream read finished.
[2025-08-28 11:43:11Z INFO ProcessInvokerWrapper] Finished process 17312 with exit code 0, and elapsed time 00:00:00.4270988.
[2025-08-28 11:43:11Z INFO CreateStepSummaryCommand] Step Summary file (C:\Users\sujiniv\Documents\GitHub\sujinibazeltest\actions-runner\_work\_temp\_runner_file_commands\step_summary_6881044d-082d-47d1-8e7b-ef54eb25b324) is empty; skipping attachment upload
[2025-08-28 11:43:11Z INFO StepsRunner] Step result: 
[2025-08-28 11:43:11Z INFO ExecutionContext] Publish step telemetry for current step {
  "action": "cmd",
  "type": "run",
  "stage": "Main",
  "stepId": "e608f3cf-892c-4109-9b59-8846d884ae9d",
  "stepContextName": "__run",
  "result": "succeeded",
  "errorMessages": [],
  "executionTimeInSeconds": 1,
  "startTime": "2025-08-28T11:43:10.811478Z",
  "finishTime": "2025-08-28T11:43:11.4137456Z"
}.
[2025-08-28 11:43:11Z INFO StepsRunner] No need for updating job result with current step result 'Succeeded'.
[2025-08-28 11:43:11Z INFO StepsRunner] Current state: job state = ''
[2025-08-28 11:43:11Z INFO JobRunner] Finalize job.
[2025-08-28 11:43:11Z INFO HostContext] Well known directory 'Bin': 'C:\Users\sujiniv\Documents\GitHub\sujinibazeltest\actions-runner\bin'
[2025-08-28 11:43:11Z INFO HostContext] Well known directory 'Root': 'C:\Users\sujiniv\Documents\GitHub\sujinibazeltest\actions-runner'
[2025-08-28 11:43:11Z INFO HostContext] Well known directory 'Diag': 'C:\Users\sujiniv\Documents\GitHub\sujinibazeltest\actions-runner\_diag'
[2025-08-28 11:43:11Z INFO HostContext] Well known directory 'Bin': 'C:\Users\sujiniv\Documents\GitHub\sujinibazeltest\actions-runner\bin'
[2025-08-28 11:43:11Z INFO HostContext] Well known directory 'Root': 'C:\Users\sujiniv\Documents\GitHub\sujinibazeltest\actions-runner'
[2025-08-28 11:43:11Z INFO HostContext] Well known directory 'Diag': 'C:\Users\sujiniv\Documents\GitHub\sujinibazeltest\actions-runner\_diag'
[2025-08-28 11:43:11Z INFO JobExtension] Initialize Env context
[2025-08-28 11:43:11Z INFO JobExtension] Initialize steps context
[2025-08-28 11:43:11Z INFO JobExtension] Total accessible running process: 347.
[2025-08-28 11:43:11Z INFO ExecutionContext] Publish step telemetry for current step {
  "action": "complete_job",
  "type": "runner",
  "stage": "Post",
  "stepId": "496b929e-6e7b-499b-a154-c12957ec7f93",
  "result": "succeeded",
  "errorMessages": [],
  "executionTimeInSeconds": 1,
  "startTime": "2025-08-28T11:43:11.4219307Z",
  "finishTime": "2025-08-28T11:43:11.4385342Z"
}.
[2025-08-28 11:43:11Z INFO JobRunner] Job result after all job steps finish: Succeeded
[2025-08-28 11:43:11Z INFO JobRunner] Completing the job execution context.
[2025-08-28 11:43:11Z INFO JobRunner] Shutting down the job server queue.
[2025-08-28 11:43:11Z INFO JobServerQueue] Fire signal to shutdown all queues.
[2025-08-28 11:43:11Z INFO ResultServer] Successfully started websocket client.
[2025-08-28 11:43:11Z INFO JobServerQueue] Try to append 1 batches web console lines for record '97f875f6-e90a-4b6a-bde9-5172bd56d09c', success rate: 1/1.
[2025-08-28 11:43:12Z INFO JobServerQueue] Job timeline record has been updated for the first time.
[2025-08-28 11:43:12Z INFO JobServerQueue] All queue process task stopped.
[2025-08-28 11:43:12Z INFO JobServerQueue] Try to append 1 batches web console lines for record 'e608f3cf-892c-4109-9b59-8846d884ae9d', success rate: 1/1.
[2025-08-28 11:43:12Z INFO JobServerQueue] Try to append 1 batches web console lines for record '496b929e-6e7b-499b-a154-c12957ec7f93', success rate: 1/1.
[2025-08-28 11:43:12Z INFO JobServerQueue] Web console line queue drained.
[2025-08-28 11:43:12Z INFO JobServerQueue] Uploading 4 files in one shot.
[2025-08-28 11:43:12Z INFO JobServerQueue] Try to upload 4 log files or attachments, success rate: 4/4.
[2025-08-28 11:43:12Z INFO JobServerQueue] File upload queue drained.
[2025-08-28 11:43:12Z INFO JobServerQueue] Starting results-based upload queue...
[2025-08-28 11:43:12Z INFO JobServerQueue] Uploading 4 file(s) in one shot through results service.
[2025-08-28 11:43:12Z INFO JobServerQueue] Got a step log file to send to results service.
[2025-08-28 11:43:12Z INFO JobServerQueue] Starting upload of step log file to results service ResultsLog, C:\Users\sujiniv\Documents\GitHub\sujinibazeltest\actions-runner\_diag\blocks\dc5aaeb7-cee5-4121-87bb-709185ce6831_97f875f6-e90a-4b6a-bde9-5172bd56d09c.1
[2025-08-28 11:43:15Z INFO JobServerQueue] Got a step log file to send to results service.
[2025-08-28 11:43:15Z INFO JobServerQueue] Starting upload of step log file to results service ResultsLog, C:\Users\sujiniv\Documents\GitHub\sujinibazeltest\actions-runner\_diag\blocks\dc5aaeb7-cee5-4121-87bb-709185ce6831_e608f3cf-892c-4109-9b59-8846d884ae9d.1
[2025-08-28 11:43:16Z INFO JobServerQueue] Got a step log file to send to results service.
[2025-08-28 11:43:16Z INFO JobServerQueue] Starting upload of step log file to results service ResultsLog, C:\Users\sujiniv\Documents\GitHub\sujinibazeltest\actions-runner\_diag\blocks\dc5aaeb7-cee5-4121-87bb-709185ce6831_496b929e-6e7b-499b-a154-c12957ec7f93.1
[2025-08-28 11:43:17Z INFO JobServerQueue] Got a job log file to send to results service.
[2025-08-28 11:43:17Z INFO JobServerQueue] Starting upload of job log file to results service ResultsLog, C:\Users\sujiniv\Documents\GitHub\sujinibazeltest\actions-runner\_diag\blocks\dc5aaeb7-cee5-4121-87bb-709185ce6831_f230ab2f-cc1b-583f-9217-292a2b8acb87.1
[2025-08-28 11:43:18Z INFO JobServerQueue] Tried to upload 4 file(s) to results, success rate: 4/4.
[2025-08-28 11:43:18Z INFO JobServerQueue] Results upload queue drained.
[2025-08-28 11:43:18Z INFO JobServerQueue] Timeline update queue drained.
[2025-08-28 11:43:18Z INFO JobServerQueue] Disposing job server ...
[2025-08-28 11:43:18Z INFO JobServerQueue] Disposing results server ...
[2025-08-28 11:43:18Z INFO JobServerQueue] All queue process tasks have been stopped, and all queues are drained.
[2025-08-28 11:43:18Z INFO TempDirectoryManager] Cleaning runner temp folder: C:\Users\sujiniv\Documents\GitHub\sujinibazeltest\actions-runner\_work\_temp
[2025-08-28 11:43:18Z INFO HostContext] Well known directory 'Bin': 'C:\Users\sujiniv\Documents\GitHub\sujinibazeltest\actions-runner\bin'
[2025-08-28 11:43:18Z INFO HostContext] Well known directory 'Root': 'C:\Users\sujiniv\Documents\GitHub\sujinibazeltest\actions-runner'
[2025-08-28 11:43:18Z INFO HostContext] Well known directory 'Diag': 'C:\Users\sujiniv\Documents\GitHub\sujinibazeltest\actions-runner\_diag'
[2025-08-28 11:43:18Z INFO HostContext] Well known config file 'Telemetry': 'C:\Users\sujiniv\Documents\GitHub\sujinibazeltest\actions-runner\_diag\.telemetry'
[2025-08-28 11:43:18Z INFO JobRunner] Raising job completed against run service
[2025-08-28 11:43:19Z INFO Worker] Job completed.
