[2025-08-28 11:15:57Z INFO HostContext] No proxy settings were found based on environmental variables (http_proxy/https_proxy/HTTP_PROXY/HTTPS_PROXY)
[2025-08-28 11:15:57Z INFO HostContext] Well known directory 'Bin': 'C:\Users\sujiniv\Documents\GitHub\sujinibazeltest\actions-runner\bin'
[2025-08-28 11:15:57Z INFO HostContext] Well known directory 'Root': 'C:\Users\sujiniv\Documents\GitHub\sujinibazeltest\actions-runner'
[2025-08-28 11:15:57Z INFO HostContext] Well known config file 'Credentials': 'C:\Users\sujiniv\Documents\GitHub\sujinibazeltest\actions-runner\.credentials'
[2025-08-28 11:15:57Z INFO HostContext] Well known directory 'Bin': 'C:\Users\sujiniv\Documents\GitHub\sujinibazeltest\actions-runner\bin'
[2025-08-28 11:15:57Z INFO HostContext] Well known directory 'Root': 'C:\Users\sujiniv\Documents\GitHub\sujinibazeltest\actions-runner'
[2025-08-28 11:15:57Z INFO HostContext] Well known config file 'Runner': 'C:\Users\sujiniv\Documents\GitHub\sujinibazeltest\actions-runner\.runner'
[2025-08-28 11:15:57Z INFO Worker] Version: 2.328.0
[2025-08-28 11:15:57Z INFO Worker] Commit: 6f9a9110adce65f44ca6f7c0ae142b9cc6af937b
[2025-08-28 11:15:57Z INFO Worker] Culture: en-US
[2025-08-28 11:15:57Z INFO Worker] UI Culture: en-US
[2025-08-28 11:15:57Z INFO Worker] Waiting to receive the job message from the channel.
[2025-08-28 11:15:57Z INFO ProcessChannel] Receiving message of length 19186, with hash 'aa463d5423bdbf85ee6b849936549906c50079ee5190c36a01fc818ae14789fb'
[2025-08-28 11:15:57Z INFO Worker] Message received.
[2025-08-28 11:15:57Z INFO Worker] Job message:
 {
  "fileTable": [
    ".github/workflows/build.yml"
  ],
  "mask": [
    {
      "type": "regex",
      "value": "***"
    },
    {
      "type": "regex",
      "value": "***"
    },
    {
      "type": "regex",
      "value": "***"
    },
    {
      "type": "regex",
      "value": "***"
    },
    {
      "type": "regex",
      "value": "***"
    },
    {
      "type": "regex",
      "value": "***"
    },
    {
      "type": "regex",
      "value": "***"
    },
    {
      "type": "regex",
      "value": "***"
    },
    {
      "type": "regex",
      "value": "***"
    },
    {
      "type": "regex",
      "value": "***"
    },
    {
      "type": "regex",
      "value": "***"
    },
    {
      "type": "regex",
      "value": "***"
    },
    {
      "type": "regex",
      "value": "***"
    },
    {
      "type": "regex",
      "value": "***"
    },
    {
      "type": "regex",
      "value": "***"
    },
    {
      "type": "regex",
      "value": "***"
    },
    {
      "type": "regex",
      "value": "***"
    },
    {
      "type": "regex",
      "value": "***"
    }
  ],
  "steps": [
    {
      "type": "action",
      "reference": {
        "type": "repository",
        "name": "actions/setup-env",
        "ref": "v1",
        "repositoryType": "GitHub"
      },
      "displayNameToken": {
        "type": 0,
        "file": 1,
        "line": 22,
        "col": 14,
        "lit": "Set up environment variable"
      },
      "contextName": "__actions_setup-env",
      "inputs": {
        "type": 2,
        "file": 1,
        "line": 25,
        "col": 10,
        "map": [
          {
            "key": {
              "type": 0,
              "file": 1,
              "line": 25,
              "col": 10,
              "lit": "COMPILER_PATH"
            },
            "value": {
              "type": 0,
              "file": 1,
              "line": 25,
              "col": 25,
              "lit": "D:\\ghs\\comp_202014"
            }
          }
        ]
      },
      "condition": "success()",
      "id": "8e60e1f2-b5c8-4661-ab10-81542dc5fbb4",
      "name": "__actions_setup-env"
    },
    {
      "type": "action",
      "reference": {
        "type": "script"
      },
      "displayNameToken": {
        "type": 0,
        "file": 1,
        "line": 26,
        "col": 14,
        "lit": "Set up GHS compiler path"
      },
      "contextName": "__run",
      "inputs": {
        "type": 2,
        "map": [
          {
            "key": "script",
            "value": {
              "type": 0,
              "file": 1,
              "line": 28,
              "col": 13,
              "lit": "echo Adding GHS compiler to PATH...\nset PATH=%COMPILER_PATH%;%PATH% \necho PATH after: %PATH%  \n"
            }
          },
          {
            "key": "shell",
            "value": {
              "type": 0,
              "file": 1,
              "line": 27,
              "col": 15,
              "lit": "cmd"
            }
          }
        ]
      },
      "condition": "success()",
      "id": "ff34b0b3-2eae-4a55-af26-b15f51b8bc54",
      "name": "__run"
    }
  ],
  "variables": {
    "Actions.EnableHttpRedirects": {
      "value": "true"
    },
    "DistributedTask.AddWarningToNode12Action": {
      "value": "true"
    },
    "DistributedTask.AddWarningToNode16Action": {
      "value": "true"
    },
    "DistributedTask.AllowRunnerContainerHooks": {
      "value": "true"
    },
    "DistributedTask.DeprecateStepOutputCommands": {
      "value": "true"
    },
    "DistributedTask.DetailUntarFailure": {
      "value": "true"
    },
    "DistributedTask.EnableCompositeActions": {
      "value": "true"
    },
    "DistributedTask.EnableJobServerQueueTelemetry": {
      "value": "true"
    },
    "DistributedTask.EnhancedAnnotations": {
      "value": "true"
    },
    "DistributedTask.ForceGithubJavascriptActionsToNode16": {
      "value": "true"
    },
    "DistributedTask.ForceGithubJavascriptActionsToNode20": {
      "value": "true"
    },
    "DistributedTask.LogTemplateErrorsAsDebugMessages": {
      "value": "true"
    },
    "DistributedTask.MarkJobAsFailedOnWorkerCrash": {
      "value": "true"
    },
    "DistributedTask.NewActionMetadata": {
      "value": "true"
    },
    "DistributedTask.UploadStepSummary": {
      "value": "true"
    },
    "DistributedTask.UseActionArchiveCache": {
      "value": "true"
    },
    "DistributedTask.UseWhich2": {
      "value": "true"
    },
    "RunService.FixEmbeddedIssues": {
      "value": "true"
    },
    "actions_add_check_run_id_to_job_context": {
      "value": "false"
    },
    "actions_display_helpful_actions_download_errors": {
      "value": "true"
    },
    "actions_skip_retry_complete_job_upon_known_errors": {
      "value": "true"
    },
    "actions_uses_cache_service_v2": {
      "value": "true"
    },
    "github_token": {
      "value": "***",
      "isSecret": true
    },
    "system.from_run_service": {
      "value": "true"
    },
    "system.github.job": {
      "value": "compilerpathcheck"
    },
    "system.github.launch_endpoint": {
      "value": "https://launch.actions.githubusercontent.com"
    },
    "system.github.results_endpoint": {
      "value": "https://results-receiver.actions.githubusercontent.com/"
    },
    "system.github.results_upload_with_sdk": {
      "value": "true"
    },
    "system.github.token": {
      "value": "***",
      "isSecret": true
    },
    "system.github.token.permissions": {
      "value": "{\"Contents\":\"read\",\"Metadata\":\"read\",\"Packages\":\"read\"}"
    },
    "system.orchestrationId": {
      "value": "fe9db072-1c4d-41fe-ad5b-1ee2e24e3483.compilerpathcheck.__default"
    },
    "system.phaseDisplayName": {
      "value": "Set up GHS compiler path"
    },
    "system.runner.lowdiskspacethreshold": {
      "value": "100"
    },
    "system.runnerEnvironment": {
      "value": "self-hosted"
    },
    "system.runnerGroupName": {
      "value": "Default"
    }
  },
  "messageType": "RunnerJobRequest",
  "plan": {
    "scopeIdentifier": "00000000-0000-0000-0000-000000000000",
    "planType": "actions",
    "version": 0,
    "planId": "fe9db072-1c4d-41fe-ad5b-1ee2e24e3483",
    "planGroup": null,
    "artifactUri": null,
    "artifactLocation": null,
    "definition": null,
    "owner": null
  },
  "timeline": {
    "id": "fe9db072-1c4d-41fe-ad5b-1ee2e24e3483",
    "changeId": 0,
    "location": null
  },
  "jobId": "3424cd60-f078-528c-a209-494e9765813e",
  "jobDisplayName": "Set up GHS compiler path",
  "jobName": "__default",
  "requestId": 0,
  "lockedUntil": "0001-01-01T00:00:00",
  "resources": {
    "endpoints": [
      {
        "data": {
          "ServerId": "",
          "ServerName": "",
          "CacheServerUrl": "https://artifactcache.actions.githubusercontent.com/91QtbUbN9XP5USaQW1Wt0NpOLIcScMOKMlUZ0Rifby1AQFV86x/",
          "FeedStreamUrl": "wss://results-receiver.actions.githubusercontent.com/_ws/ingest.sock",
          "ResultsServiceUrl": "https://results-receiver.actions.githubusercontent.com/",
          "PipelinesServiceUrl": "https://pipelinesghubeus5.actions.githubusercontent.com/91QtbUbN9XP5USaQW1Wt0NpOLIcScMOKMlUZ0Rifby1AQFV86x/",
          "GenerateIdTokenUrl": ""
        },
        "name": "SystemVssConnection",
        "url": "https://run-actions-3-azure-eastus.actions.githubusercontent.com/97/",
        "authorization": {
          "parameters": {
            "AccessToken": "***"
          },
          "scheme": "OAuth"
        },
        "isShared": false,
        "isReady": true
      }
    ]
  },
  "contextData": {
    "github": {
      "t": 2,
      "d": [
        {
          "k": "ref",
          "v": "refs/heads/bazelselfhost"
        },
        {
          "k": "sha",
          "v": "a9a1682cf1013ff5dd882323832bddc285693718"
        },
        {
          "k": "repository",
          "v": "sujini-v/sujinibazeltest"
        },
        {
          "k": "repository_owner",
          "v": "sujini-v"
        },
        {
          "k": "repository_owner_id",
          "v": "228662219"
        },
        {
          "k": "repositoryUrl",
          "v": "git://github.com/sujini-v/sujinibazeltest.git"
        },
        {
          "k": "run_id",
          "v": "17293200087"
        },
        {
          "k": "run_number",
          "v": "19"
        },
        {
          "k": "retention_days",
          "v": "90"
        },
        {
          "k": "run_attempt",
          "v": "1"
        },
        {
          "k": "artifact_cache_size_limit",
          "v": "10"
        },
        {
          "k": "repository_visibility",
          "v": "public"
        },
        {
          "k": "actor_id",
          "v": "228662219"
        },
        {
          "k": "actor",
          "v": "sujini-v"
        },
        {
          "k": "workflow",
          "v": "localbuild Bazel GHS"
        },
        {
          "k": "head_ref",
          "v": ""
        },
        {
          "k": "base_ref",
          "v": ""
        },
        {
          "k": "event_name",
          "v": "push"
        },
        {
          "k": "server_url",
          "v": "https://github.com"
        },
        {
          "k": "api_url",
          "v": "https://api.github.com"
        },
        {
          "k": "graphql_url",
          "v": "https://api.github.com/graphql"
        },
        {
          "k": "ref_name",
          "v": "bazelselfhost"
        },
        {
          "k": "ref_protected",
          "v": false
        },
        {
          "k": "ref_type",
          "v": "branch"
        },
        {
          "k": "secret_source",
          "v": "Actions"
        },
        {
          "k": "event",
          "v": {
            "t": 2,
            "d": [
              {
                "k": "after",
                "v": "a9a1682cf1013ff5dd882323832bddc285693718"
              },
              {
                "k": "base_ref",
                "v": null
              },
              {
                "k": "before",
                "v": "d9ae4dc3c7b760bb8620d1c51910e5b47970ec75"
              },
              {
                "k": "commits",
                "v": {
                  "t": 1,
                  "a": [
                    {
                      "t": 2,
                      "d": [
                        {
                          "k": "author",
                          "v": {
                            "t": 2,
                            "d": [
                              {
                                "k": "email",
                                "v": "vsujini94@gmail.com"
                              },
                              {
                                "k": "name",
                                "v": "sujini-v"
                              },
                              {
                                "k": "username",
                                "v": "sujini-v"
                              }
                            ]
                          }
                        },
                        {
                          "k": "committer",
                          "v": {
                            "t": 2,
                            "d": [
                              {
                                "k": "email",
                                "v": "vsujini94@gmail.com"
                              },
                              {
                                "k": "name",
                                "v": "sujini-v"
                              },
                              {
                                "k": "username",
                                "v": "sujini-v"
                              }
                            ]
                          }
                        },
                        {
                          "k": "distinct",
                          "v": true
                        },
                        {
                          "k": "id",
                          "v": "a9a1682cf1013ff5dd882323832bddc285693718"
                        },
                        {
                          "k": "message",
                          "v": "bazelselfhost\n\nbazelselfhost"
                        },
                        {
                          "k": "timestamp",
                          "v": "2025-08-28T16:02:04+05:30"
                        },
                        {
                          "k": "tree_id",
                          "v": "1ce6048d7b6ae1a7bcea001fc1e7c75b63b1943b"
                        },
                        {
                          "k": "url",
                          "v": "https://github.com/sujini-v/sujinibazeltest/commit/a9a1682cf1013ff5dd882323832bddc285693718"
                        }
                      ]
                    }
                  ]
                }
              },
              {
                "k": "compare",
                "v": "https://github.com/sujini-v/sujinibazeltest/compare/d9ae4dc3c7b7...a9a1682cf101"
              },
              {
                "k": "created",
                "v": false
              },
              {
                "k": "deleted",
                "v": false
              },
              {
                "k": "forced",
                "v": false
              },
              {
                "k": "head_commit",
                "v": {
                  "t": 2,
                  "d": [
                    {
                      "k": "author",
                      "v": {
                        "t": 2,
                        "d": [
                          {
                            "k": "email",
                            "v": "vsujini94@gmail.com"
                          },
                          {
                            "k": "name",
                            "v": "sujini-v"
                          },
                          {
                            "k": "username",
                            "v": "sujini-v"
                          }
                        ]
                      }
                    },
                    {
                      "k": "committer",
                      "v": {
                        "t": 2,
                        "d": [
                          {
                            "k": "email",
                            "v": "vsujini94@gmail.com"
                          },
                          {
                            "k": "name",
                            "v": "sujini-v"
                          },
                          {
                            "k": "username",
                            "v": "sujini-v"
                          }
                        ]
                      }
                    },
                    {
                      "k": "distinct",
                      "v": true
                    },
                    {
                      "k": "id",
                      "v": "a9a1682cf1013ff5dd882323832bddc285693718"
                    },
                    {
                      "k": "message",
                      "v": "bazelselfhost\n\nbazelselfhost"
                    },
                    {
                      "k": "timestamp",
                      "v": "2025-08-28T16:02:04+05:30"
                    },
                    {
                      "k": "tree_id",
                      "v": "1ce6048d7b6ae1a7bcea001fc1e7c75b63b1943b"
                    },
                    {
                      "k": "url",
                      "v": "https://github.com/sujini-v/sujinibazeltest/commit/a9a1682cf1013ff5dd882323832bddc285693718"
                    }
                  ]
                }
              },
              {
                "k": "pusher",
                "v": {
                  "t": 2,
                  "d": [
                    {
                      "k": "email",
                      "v": "vsujini94@gmail.com"
                    },
                    {
                      "k": "name",
                      "v": "sujini-v"
                    }
                  ]
                }
              },
              {
                "k": "ref",
                "v": "refs/heads/bazelselfhost"
              },
              {
                "k": "repository",
                "v": {
                  "t": 2,
                  "d": [
                    {
                      "k": "allow_forking",
                      "v": true
                    },
                    {
                      "k": "archive_url",
                      "v": "https://api.github.com/repos/sujini-v/sujinibazeltest/{archive_format}{/ref}"
                    },
                    {
                      "k": "archived",
                      "v": false
                    },
                    {
                      "k": "assignees_url",
                      "v": "https://api.github.com/repos/sujini-v/sujinibazeltest/assignees{/user}"
                    },
                    {
                      "k": "blobs_url",
                      "v": "https://api.github.com/repos/sujini-v/sujinibazeltest/git/blobs{/sha}"
                    },
                    {
                      "k": "branches_url",
                      "v": "https://api.github.com/repos/sujini-v/sujinibazeltest/branches{/branch}"
                    },
                    {
                      "k": "clone_url",
                      "v": "https://github.com/sujini-v/sujinibazeltest.git"
                    },
                    {
                      "k": "collaborators_url",
                      "v": "https://api.github.com/repos/sujini-v/sujinibazeltest/collaborators{/collaborator}"
                    },
                    {
                      "k": "comments_url",
                      "v": "https://api.github.com/repos/sujini-v/sujinibazeltest/comments{/number}"
                    },
                    {
                      "k": "commits_url",
                      "v": "https://api.github.com/repos/sujini-v/sujinibazeltest/commits{/sha}"
                    },
                    {
                      "k": "compare_url",
                      "v": "https://api.github.com/repos/sujini-v/sujinibazeltest/compare/{base}...{head}"
                    },
                    {
                      "k": "contents_url",
                      "v": "https://api.github.com/repos/sujini-v/sujinibazeltest/contents/{+path}"
                    },
                    {
                      "k": "contributors_url",
                      "v": "https://api.github.com/repos/sujini-v/sujinibazeltest/contributors"
                    },
                    {
                      "k": "created_at",
                      "v": 1756191519.0
                    },
                    {
                      "k": "default_branch",
                      "v": "main"
                    },
                    {
                      "k": "deployments_url",
                      "v": "https://api.github.com/repos/sujini-v/sujinibazeltest/deployments"
                    },
                    {
                      "k": "description",
                      "v": null
                    },
                    {
                      "k": "disabled",
                      "v": false
                    },
                    {
                      "k": "downloads_url",
                      "v": "https://api.github.com/repos/sujini-v/sujinibazeltest/downloads"
                    },
                    {
                      "k": "events_url",
                      "v": "https://api.github.com/repos/sujini-v/sujinibazeltest/events"
                    },
                    {
                      "k": "fork",
                      "v": false
                    },
                    {
                      "k": "forks",
                      "v": 0.0
                    },
                    {
                      "k": "forks_count",
                      "v": 0.0
                    },
                    {
                      "k": "forks_url",
                      "v": "https://api.github.com/repos/sujini-v/sujinibazeltest/forks"
                    },
                    {
                      "k": "full_name",
                      "v": "sujini-v/sujinibazeltest"
                    },
                    {
                      "k": "git_commits_url",
                      "v": "https://api.github.com/repos/sujini-v/sujinibazeltest/git/commits{/sha}"
                    },
                    {
                      "k": "git_refs_url",
                      "v": "https://api.github.com/repos/sujini-v/sujinibazeltest/git/refs{/sha}"
                    },
                    {
                      "k": "git_tags_url",
                      "v": "https://api.github.com/repos/sujini-v/sujinibazeltest/git/tags{/sha}"
                    },
                    {
                      "k": "git_url",
                      "v": "git://github.com/sujini-v/sujinibazeltest.git"
                    },
                    {
                      "k": "has_discussions",
                      "v": false
                    },
                    {
                      "k": "has_downloads",
                      "v": true
                    },
                    {
                      "k": "has_issues",
                      "v": true
                    },
                    {
                      "k": "has_pages",
                      "v": false
                    },
                    {
                      "k": "has_projects",
                      "v": true
                    },
                    {
                      "k": "has_wiki",
                      "v": false
                    },
                    {
                      "k": "homepage",
                      "v": null
                    },
                    {
                      "k": "hooks_url",
                      "v": "https://api.github.com/repos/sujini-v/sujinibazeltest/hooks"
                    },
                    {
                      "k": "html_url",
                      "v": "https://github.com/sujini-v/sujinibazeltest"
                    },
                    {
                      "k": "id",
                      "v": 1044757487.0
                    },
                    {
                      "k": "is_template",
                      "v": false
                    },
                    {
                      "k": "issue_comment_url",
                      "v": "https://api.github.com/repos/sujini-v/sujinibazeltest/issues/comments{/number}"
                    },
                    {
                      "k": "issue_events_url",
                      "v": "https://api.github.com/repos/sujini-v/sujinibazeltest/issues/events{/number}"
                    },
                    {
                      "k": "issues_url",
                      "v": "https://api.github.com/repos/sujini-v/sujinibazeltest/issues{/number}"
                    },
                    {
                      "k": "keys_url",
                      "v": "https://api.github.com/repos/sujini-v/sujinibazeltest/keys{/key_id}"
                    },
                    {
                      "k": "labels_url",
                      "v": "https://api.github.com/repos/sujini-v/sujinibazeltest/labels{/name}"
                    },
                    {
                      "k": "language",
                      "v": null
                    },
                    {
                      "k": "languages_url",
                      "v": "https://api.github.com/repos/sujini-v/sujinibazeltest/languages"
                    },
                    {
                      "k": "license",
                      "v": null
                    },
                    {
                      "k": "master_branch",
                      "v": "main"
                    },
                    {
                      "k": "merges_url",
                      "v": "https://api.github.com/repos/sujini-v/sujinibazeltest/merges"
                    },
                    {
                      "k": "milestones_url",
                      "v": "https://api.github.com/repos/sujini-v/sujinibazeltest/milestones{/number}"
                    },
                    {
                      "k": "mirror_url",
                      "v": null
                    },
                    {
                      "k": "name",
                      "v": "sujinibazeltest"
                    },
                    {
                      "k": "node_id",
                      "v": "R_kgDOPkW77w"
                    },
                    {
                      "k": "notifications_url",
                      "v": "https://api.github.com/repos/sujini-v/sujinibazeltest/notifications{?since,all,participating}"
                    },
                    {
                      "k": "open_issues",
                      "v": 0.0
                    },
                    {
                      "k": "open_issues_count",
                      "v": 0.0
                    },
                    {
                      "k": "owner",
                      "v": {
                        "t": 2,
                        "d": [
                          {
                            "k": "avatar_url",
                            "v": "https://avatars.githubusercontent.com/u/228662219?v=4"
                          },
                          {
                            "k": "email",
                            "v": "vsujini94@gmail.com"
                          },
                          {
                            "k": "events_url",
                            "v": "https://api.github.com/users/sujini-v/events{/privacy}"
                          },
                          {
                            "k": "followers_url",
                            "v": "https://api.github.com/users/sujini-v/followers"
                          },
                          {
                            "k": "following_url",
                            "v": "https://api.github.com/users/sujini-v/following{/other_user}"
                          },
                          {
                            "k": "gists_url",
                            "v": "https://api.github.com/users/sujini-v/gists{/gist_id}"
                          },
                          {
                            "k": "gravatar_id",
                            "v": ""
                          },
                          {
                            "k": "html_url",
                            "v": "https://github.com/sujini-v"
                          },
                          {
                            "k": "id",
                            "v": 228662219.0
                          },
                          {
                            "k": "login",
                            "v": "sujini-v"
                          },
                          {
                            "k": "name",
                            "v": "sujini-v"
                          },
                          {
                            "k": "node_id",
                            "v": "U_kgDODaEbyw"
                          },
                          {
                            "k": "organizations_url",
                            "v": "https://api.github.com/users/sujini-v/orgs"
                          },
                          {
                            "k": "received_events_url",
                            "v": "https://api.github.com/users/sujini-v/received_events"
                          },
                          {
                            "k": "repos_url",
                            "v": "https://api.github.com/users/sujini-v/repos"
                          },
                          {
                            "k": "site_admin",
                            "v": false
                          },
                          {
                            "k": "starred_url",
                            "v": "https://api.github.com/users/sujini-v/starred{/owner}{/repo}"
                          },
                          {
                            "k": "subscriptions_url",
                            "v": "https://api.github.com/users/sujini-v/subscriptions"
                          },
                          {
                            "k": "type",
                            "v": "User"
                          },
                          {
                            "k": "url",
                            "v": "https://api.github.com/users/sujini-v"
                          },
                          {
                            "k": "user_view_type",
                            "v": "public"
                          }
                        ]
                      }
                    },
                    {
                      "k": "private",
                      "v": false
                    },
                    {
                      "k": "pulls_url",
                      "v": "https://api.github.com/repos/sujini-v/sujinibazeltest/pulls{/number}"
                    },
                    {
                      "k": "pushed_at",
                      "v": 1756377138.0
                    },
                    {
                      "k": "releases_url",
                      "v": "https://api.github.com/repos/sujini-v/sujinibazeltest/releases{/id}"
                    },
                    {
                      "k": "size",
                      "v": 35.0
                    },
                    {
                      "k": "ssh_url",
                      "v": "git@github.com:sujini-v/sujinibazeltest.git"
                    },
                    {
                      "k": "stargazers",
                      "v": 0.0
                    },
                    {
                      "k": "stargazers_count",
                      "v": 0.0
                    },
                    {
                      "k": "stargazers_url",
                      "v": "https://api.github.com/repos/sujini-v/sujinibazeltest/stargazers"
                    },
                    {
                      "k": "statuses_url",
                      "v": "https://api.github.com/repos/sujini-v/sujinibazeltest/statuses/{sha}"
                    },
                    {
                      "k": "subscribers_url",
                      "v": "https://api.github.com/repos/sujini-v/sujinibazeltest/subscribers"
                    },
                    {
                      "k": "subscription_url",
                      "v": "https://api.github.com/repos/sujini-v/sujinibazeltest/subscription"
                    },
                    {
                      "k": "svn_url",
                      "v": "https://github.com/sujini-v/sujinibazeltest"
                    },
                    {
                      "k": "tags_url",
                      "v": "https://api.github.com/repos/sujini-v/sujinibazeltest/tags"
                    },
                    {
                      "k": "teams_url",
                      "v": "https://api.github.com/repos/sujini-v/sujinibazeltest/teams"
                    },
                    {
                      "k": "topics",
                      "v": {
                        "t": 1
                      }
                    },
                    {
                      "k": "trees_url",
                      "v": "https://api.github.com/repos/sujini-v/sujinibazeltest/git/trees{/sha}"
                    },
                    {
                      "k": "updated_at",
                      "v": "2025-08-26T07:16:15Z"
                    },
                    {
                      "k": "url",
                      "v": "https://api.github.com/repos/sujini-v/sujinibazeltest"
                    },
                    {
                      "k": "visibility",
                      "v": "public"
                    },
                    {
                      "k": "watchers",
                      "v": 0.0
                    },
                    {
                      "k": "watchers_count",
                      "v": 0.0
                    },
                    {
                      "k": "web_commit_signoff_required",
                      "v": false
                    }
                  ]
                }
              },
              {
                "k": "sender",
                "v": {
                  "t": 2,
                  "d": [
                    {
                      "k": "avatar_url",
                      "v": "https://avatars.githubusercontent.com/u/228662219?v=4"
                    },
                    {
                      "k": "events_url",
                      "v": "https://api.github.com/users/sujini-v/events{/privacy}"
                    },
                    {
                      "k": "followers_url",
                      "v": "https://api.github.com/users/sujini-v/followers"
                    },
                    {
                      "k": "following_url",
                      "v": "https://api.github.com/users/sujini-v/following{/other_user}"
                    },
                    {
                      "k": "gists_url",
                      "v": "https://api.github.com/users/sujini-v/gists{/gist_id}"
                    },
                    {
                      "k": "gravatar_id",
                      "v": ""
                    },
                    {
                      "k": "html_url",
                      "v": "https://github.com/sujini-v"
                    },
                    {
                      "k": "id",
                      "v": 228662219.0
                    },
                    {
                      "k": "login",
                      "v": "sujini-v"
                    },
                    {
                      "k": "node_id",
                      "v": "U_kgDODaEbyw"
                    },
                    {
                      "k": "organizations_url",
                      "v": "https://api.github.com/users/sujini-v/orgs"
                    },
                    {
                      "k": "received_events_url",
                      "v": "https://api.github.com/users/sujini-v/received_events"
                    },
                    {
                      "k": "repos_url",
                      "v": "https://api.github.com/users/sujini-v/repos"
                    },
                    {
                      "k": "site_admin",
                      "v": false
                    },
                    {
                      "k": "starred_url",
                      "v": "https://api.github.com/users/sujini-v/starred{/owner}{/repo}"
                    },
                    {
                      "k": "subscriptions_url",
                      "v": "https://api.github.com/users/sujini-v/subscriptions"
                    },
                    {
                      "k": "type",
                      "v": "User"
                    },
                    {
                      "k": "url",
                      "v": "https://api.github.com/users/sujini-v"
                    },
                    {
                      "k": "user_view_type",
                      "v": "public"
                    }
                  ]
                }
              }
            ]
          }
        },
        {
          "k": "workflow_ref",
          "v": "sujini-v/sujinibazeltest/.github/workflows/build.yml@refs/heads/bazelselfhost"
        },
        {
          "k": "workflow_sha",
          "v": "a9a1682cf1013ff5dd882323832bddc285693718"
        },
        {
          "k": "repository_id",
          "v": "1044757487"
        },
        {
          "k": "triggering_actor",
          "v": "sujini-v"
        }
      ]
    },
    "inputs": {
      "t": 2
    },
    "matrix": null,
    "needs": {
      "t": 2
    },
    "strategy": {
      "t": 2,
      "d": [
        {
          "k": "fail-fast",
          "v": true
        },
        {
          "k": "job-index",
          "v": 0.0
        },
        {
          "k": "job-total",
          "v": 1.0
        },
        {
          "k": "max-parallel",
          "v": 1.0
        }
      ]
    },
    "vars": {
      "t": 2
    }
  },
  "billingOwnerId": "U_kgDODaEbyw"
}
[2025-08-28 11:15:57Z INFO JobRunner] Job ID 3424cd60-f078-528c-a209-494e9765813e
[2025-08-28 11:15:57Z INFO ConfigurationStore] currentAssemblyLocation: C:\Users\sujiniv\Documents\GitHub\sujinibazeltest\actions-runner\bin\Runner.Worker.dll
[2025-08-28 11:15:57Z INFO HostContext] Well known directory 'Bin': 'C:\Users\sujiniv\Documents\GitHub\sujinibazeltest\actions-runner\bin'
[2025-08-28 11:15:57Z INFO ConfigurationStore] binPath: C:\Users\sujiniv\Documents\GitHub\sujinibazeltest\actions-runner\bin
[2025-08-28 11:15:57Z INFO HostContext] Well known directory 'Bin': 'C:\Users\sujiniv\Documents\GitHub\sujinibazeltest\actions-runner\bin'
[2025-08-28 11:15:57Z INFO HostContext] Well known directory 'Root': 'C:\Users\sujiniv\Documents\GitHub\sujinibazeltest\actions-runner'
[2025-08-28 11:15:57Z INFO ConfigurationStore] RootFolder: C:\Users\sujiniv\Documents\GitHub\sujinibazeltest\actions-runner
[2025-08-28 11:15:57Z INFO HostContext] Well known directory 'Bin': 'C:\Users\sujiniv\Documents\GitHub\sujinibazeltest\actions-runner\bin'
[2025-08-28 11:15:57Z INFO HostContext] Well known directory 'Root': 'C:\Users\sujiniv\Documents\GitHub\sujinibazeltest\actions-runner'
[2025-08-28 11:15:57Z INFO HostContext] Well known config file 'Runner': 'C:\Users\sujiniv\Documents\GitHub\sujinibazeltest\actions-runner\.runner'
[2025-08-28 11:15:57Z INFO ConfigurationStore] ConfigFilePath: C:\Users\sujiniv\Documents\GitHub\sujinibazeltest\actions-runner\.runner
[2025-08-28 11:15:57Z INFO HostContext] Well known directory 'Bin': 'C:\Users\sujiniv\Documents\GitHub\sujinibazeltest\actions-runner\bin'
[2025-08-28 11:15:57Z INFO HostContext] Well known directory 'Root': 'C:\Users\sujiniv\Documents\GitHub\sujinibazeltest\actions-runner'
[2025-08-28 11:15:57Z INFO HostContext] Well known config file 'MigratedRunner': 'C:\Users\sujiniv\Documents\GitHub\sujinibazeltest\actions-runner\.runner_migrated'
[2025-08-28 11:15:57Z INFO ConfigurationStore] MigratedConfigFilePath: C:\Users\sujiniv\Documents\GitHub\sujinibazeltest\actions-runner\.runner_migrated
[2025-08-28 11:15:57Z INFO HostContext] Well known directory 'Bin': 'C:\Users\sujiniv\Documents\GitHub\sujinibazeltest\actions-runner\bin'
[2025-08-28 11:15:57Z INFO HostContext] Well known directory 'Root': 'C:\Users\sujiniv\Documents\GitHub\sujinibazeltest\actions-runner'
[2025-08-28 11:15:57Z INFO HostContext] Well known config file 'Credentials': 'C:\Users\sujiniv\Documents\GitHub\sujinibazeltest\actions-runner\.credentials'
[2025-08-28 11:15:57Z INFO ConfigurationStore] CredFilePath: C:\Users\sujiniv\Documents\GitHub\sujinibazeltest\actions-runner\.credentials
[2025-08-28 11:15:57Z INFO HostContext] Well known directory 'Bin': 'C:\Users\sujiniv\Documents\GitHub\sujinibazeltest\actions-runner\bin'
[2025-08-28 11:15:57Z INFO HostContext] Well known directory 'Root': 'C:\Users\sujiniv\Documents\GitHub\sujinibazeltest\actions-runner'
[2025-08-28 11:15:57Z INFO HostContext] Well known config file 'MigratedCredentials': 'C:\Users\sujiniv\Documents\GitHub\sujinibazeltest\actions-runner\.credentials_migrated'
[2025-08-28 11:15:57Z INFO ConfigurationStore] MigratedCredFilePath: C:\Users\sujiniv\Documents\GitHub\sujinibazeltest\actions-runner\.credentials_migrated
[2025-08-28 11:15:57Z INFO HostContext] Well known directory 'Bin': 'C:\Users\sujiniv\Documents\GitHub\sujinibazeltest\actions-runner\bin'
[2025-08-28 11:15:57Z INFO HostContext] Well known directory 'Root': 'C:\Users\sujiniv\Documents\GitHub\sujinibazeltest\actions-runner'
[2025-08-28 11:15:57Z INFO HostContext] Well known config file 'Service': 'C:\Users\sujiniv\Documents\GitHub\sujinibazeltest\actions-runner\.service'
[2025-08-28 11:15:57Z INFO ConfigurationStore] ServiceConfigFilePath: C:\Users\sujiniv\Documents\GitHub\sujinibazeltest\actions-runner\.service
[2025-08-28 11:15:57Z INFO ConfigurationStore] Read setting file: 395 chars
[2025-08-28 11:15:57Z INFO JobRunner] Initializing launch client
[2025-08-28 11:15:57Z INFO JobServerQueue] Initializing results client
[2025-08-28 11:15:57Z INFO ResultServer] Creating websocket client ...wss://results-receiver.actions.githubusercontent.com/_ws/ingest.sock
[2025-08-28 11:15:57Z INFO ResultServer] Attempting to start websocket client with delay 00:00:00.
[2025-08-28 11:15:57Z INFO JobServerQueue] Start process web console line queue.
[2025-08-28 11:15:57Z INFO JobServerQueue] Start process file upload queue.
[2025-08-28 11:15:57Z INFO JobServerQueue] Start results file upload queue.
[2025-08-28 11:15:57Z INFO JobServerQueue] Starting results-based upload queue...
[2025-08-28 11:15:57Z INFO JobServerQueue] Start process timeline update queue.
[2025-08-28 11:15:57Z INFO ExecutionContext] Initializing Job context
[2025-08-28 11:15:57Z INFO ExecutionContext] Initialize GitHub context
[2025-08-28 11:15:57Z INFO ExecutionContext] Initialize Env context
[2025-08-28 11:15:57Z INFO HostContext] Well known directory 'Bin': 'C:\Users\sujiniv\Documents\GitHub\sujinibazeltest\actions-runner\bin'
[2025-08-28 11:15:57Z INFO HostContext] Well known directory 'Root': 'C:\Users\sujiniv\Documents\GitHub\sujinibazeltest\actions-runner'
[2025-08-28 11:15:57Z INFO HostContext] Well known directory 'Diag': 'C:\Users\sujiniv\Documents\GitHub\sujinibazeltest\actions-runner\_diag'
[2025-08-28 11:15:57Z INFO HostContext] Well known directory 'Bin': 'C:\Users\sujiniv\Documents\GitHub\sujinibazeltest\actions-runner\bin'
[2025-08-28 11:15:57Z INFO HostContext] Well known directory 'Root': 'C:\Users\sujiniv\Documents\GitHub\sujinibazeltest\actions-runner'
[2025-08-28 11:15:57Z INFO HostContext] Well known directory 'Diag': 'C:\Users\sujiniv\Documents\GitHub\sujinibazeltest\actions-runner\_diag'
[2025-08-28 11:15:57Z INFO JobRunner] Starting the job execution context.
[2025-08-28 11:15:57Z INFO HostContext] Well known directory 'Bin': 'C:\Users\sujiniv\Documents\GitHub\sujinibazeltest\actions-runner\bin'
[2025-08-28 11:15:57Z INFO HostContext] Well known directory 'Root': 'C:\Users\sujiniv\Documents\GitHub\sujinibazeltest\actions-runner'
[2025-08-28 11:15:57Z INFO HostContext] Well known directory 'Work': 'C:\Users\sujiniv\Documents\GitHub\sujinibazeltest\actions-runner\_work'
[2025-08-28 11:15:57Z INFO JobRunner] Validating directory permissions for: 'C:\Users\sujiniv\Documents\GitHub\sujinibazeltest\actions-runner\_work'
[2025-08-28 11:15:57Z INFO HostContext] Well known directory 'Bin': 'C:\Users\sujiniv\Documents\GitHub\sujinibazeltest\actions-runner\bin'
[2025-08-28 11:15:57Z INFO HostContext] Well known directory 'Root': 'C:\Users\sujiniv\Documents\GitHub\sujinibazeltest\actions-runner'
[2025-08-28 11:15:57Z INFO HostContext] Well known directory 'Work': 'C:\Users\sujiniv\Documents\GitHub\sujinibazeltest\actions-runner\_work'
[2025-08-28 11:15:57Z INFO HostContext] Well known directory 'Tools': 'C:\Users\sujiniv\Documents\GitHub\sujinibazeltest\actions-runner\_work\_tool'
[2025-08-28 11:15:57Z INFO HostContext] Well known directory 'Bin': 'C:\Users\sujiniv\Documents\GitHub\sujinibazeltest\actions-runner\bin'
[2025-08-28 11:15:57Z INFO HostContext] Well known directory 'Root': 'C:\Users\sujiniv\Documents\GitHub\sujinibazeltest\actions-runner'
[2025-08-28 11:15:57Z INFO HostContext] Well known directory 'Work': 'C:\Users\sujiniv\Documents\GitHub\sujinibazeltest\actions-runner\_work'
[2025-08-28 11:15:57Z INFO HostContext] Well known directory 'Temp': 'C:\Users\sujiniv\Documents\GitHub\sujinibazeltest\actions-runner\_work\_temp'
[2025-08-28 11:15:58Z INFO JobRunner] Getting job extension.
[2025-08-28 11:15:58Z INFO JobRunner] Initialize job. Getting all job steps.
[2025-08-28 11:15:58Z INFO HostContext] Well known directory 'Bin': 'C:\Users\sujiniv\Documents\GitHub\sujinibazeltest\actions-runner\bin'
[2025-08-28 11:15:58Z INFO HostContext] Well known directory 'Root': 'C:\Users\sujiniv\Documents\GitHub\sujinibazeltest\actions-runner'
[2025-08-28 11:15:58Z INFO HostContext] Well known directory 'Diag': 'C:\Users\sujiniv\Documents\GitHub\sujinibazeltest\actions-runner\_diag'
[2025-08-28 11:15:58Z INFO HostContext] Well known directory 'Bin': 'C:\Users\sujiniv\Documents\GitHub\sujinibazeltest\actions-runner\bin'
[2025-08-28 11:15:58Z INFO HostContext] Well known directory 'Root': 'C:\Users\sujiniv\Documents\GitHub\sujinibazeltest\actions-runner'
[2025-08-28 11:15:58Z INFO HostContext] Well known directory 'Diag': 'C:\Users\sujiniv\Documents\GitHub\sujinibazeltest\actions-runner\_diag'
[2025-08-28 11:15:58Z INFO HostContext] Well known directory 'Bin': 'C:\Users\sujiniv\Documents\GitHub\sujinibazeltest\actions-runner\bin'
[2025-08-28 11:15:58Z INFO HostContext] Well known directory 'Root': 'C:\Users\sujiniv\Documents\GitHub\sujinibazeltest\actions-runner'
[2025-08-28 11:15:58Z INFO HostContext] Well known config file 'Credentials': 'C:\Users\sujiniv\Documents\GitHub\sujinibazeltest\actions-runner\.credentials'
[2025-08-28 11:15:58Z INFO HostContext] Well known directory 'Bin': 'C:\Users\sujiniv\Documents\GitHub\sujinibazeltest\actions-runner\bin'
[2025-08-28 11:15:58Z INFO HostContext] Well known directory 'Root': 'C:\Users\sujiniv\Documents\GitHub\sujinibazeltest\actions-runner'
[2025-08-28 11:15:58Z INFO HostContext] Well known config file 'SetupInfo': 'C:\Users\sujiniv\Documents\GitHub\sujinibazeltest\actions-runner\.setup_info'
[2025-08-28 11:15:58Z INFO HostContext] Well known directory 'Bin': 'C:\Users\sujiniv\Documents\GitHub\sujinibazeltest\actions-runner\bin'
[2025-08-28 11:15:58Z INFO HostContext] Well known directory 'Root': 'C:\Users\sujiniv\Documents\GitHub\sujinibazeltest\actions-runner'
[2025-08-28 11:15:58Z INFO HostContext] Well known directory 'Work': 'C:\Users\sujiniv\Documents\GitHub\sujinibazeltest\actions-runner\_work'
[2025-08-28 11:15:58Z INFO PipelineDirectoryManager] Loading tracking config if exists: C:\Users\sujiniv\Documents\GitHub\sujinibazeltest\actions-runner\_work\_PipelineMapping\sujini-v/sujinibazeltest\PipelineFolder.json
[2025-08-28 11:15:58Z INFO PipelineDirectoryManager] Updating job run properties.
[2025-08-28 11:15:58Z INFO HostContext] Well known directory 'Bin': 'C:\Users\sujiniv\Documents\GitHub\sujinibazeltest\actions-runner\bin'
[2025-08-28 11:15:58Z INFO HostContext] Well known directory 'Root': 'C:\Users\sujiniv\Documents\GitHub\sujinibazeltest\actions-runner'
[2025-08-28 11:15:58Z INFO HostContext] Well known directory 'Work': 'C:\Users\sujiniv\Documents\GitHub\sujinibazeltest\actions-runner\_work'
[2025-08-28 11:15:58Z INFO HostContext] Well known directory 'Bin': 'C:\Users\sujiniv\Documents\GitHub\sujinibazeltest\actions-runner\bin'
[2025-08-28 11:15:58Z INFO HostContext] Well known directory 'Root': 'C:\Users\sujiniv\Documents\GitHub\sujinibazeltest\actions-runner'
[2025-08-28 11:15:58Z INFO HostContext] Well known directory 'Work': 'C:\Users\sujiniv\Documents\GitHub\sujinibazeltest\actions-runner\_work'
[2025-08-28 11:15:58Z INFO HostContext] Well known directory 'Bin': 'C:\Users\sujiniv\Documents\GitHub\sujinibazeltest\actions-runner\bin'
[2025-08-28 11:15:58Z INFO HostContext] Well known directory 'Root': 'C:\Users\sujiniv\Documents\GitHub\sujinibazeltest\actions-runner'
[2025-08-28 11:15:58Z INFO HostContext] Well known directory 'Work': 'C:\Users\sujiniv\Documents\GitHub\sujinibazeltest\actions-runner\_work'
[2025-08-28 11:15:58Z INFO JobExtension] Downloading actions
[2025-08-28 11:15:58Z INFO HostContext] Well known directory 'Bin': 'C:\Users\sujiniv\Documents\GitHub\sujinibazeltest\actions-runner\bin'
[2025-08-28 11:15:58Z INFO HostContext] Well known directory 'Root': 'C:\Users\sujiniv\Documents\GitHub\sujinibazeltest\actions-runner'
[2025-08-28 11:15:58Z INFO HostContext] Well known directory 'Work': 'C:\Users\sujiniv\Documents\GitHub\sujinibazeltest\actions-runner\_work'
[2025-08-28 11:15:58Z INFO HostContext] Well known directory 'Actions': 'C:\Users\sujiniv\Documents\GitHub\sujinibazeltest\actions-runner\_work\_actions'
[2025-08-28 11:15:58Z INFO Worker] Listening for cancel message from the channel.
[2025-08-28 11:15:58Z INFO Worker] Waiting for the job to complete or for a cancel message from the channel.
[2025-08-28 11:15:59Z INFO ResultServer] Successfully started websocket client.
[2025-08-28 11:15:59Z INFO JobServerQueue] Try to append 1 batches web console lines for record '77c2e470-4141-4462-8216-82198ed53922', success rate: 1/1.
[2025-08-28 11:15:59Z ERR  GitHubActionsService] POST request to https://launch.actions.githubusercontent.com/actions/build/fe9db072-1c4d-41fe-ad5b-1ee2e24e3483/jobs/3424cd60-f078-528c-a209-494e9765813e/runnerresolve/actions failed. HTTP Status: UnprocessableEntity
[2025-08-28 11:15:59Z ERR  JobExtension] Caught exception from JobExtension Initialization: GitHub.DistributedTask.WebApi.UnresolvableActionDownloadInfoException: Unable to resolve action actions/setup-env, repository not found
   at GitHub.Services.Launch.Client.LaunchHttpClient.GetResolveActionsDownloadInfoAsyncV2(Guid planId, Guid jobId, ActionReferenceList actionReferenceList, CancellationToken cancellationToken)
   at GitHub.Runner.Worker.ActionManager.GetDownloadInfoAsync(IExecutionContext executionContext, List`1 actions)
   at GitHub.Runner.Worker.ActionManager.GetDownloadInfoAsync(IExecutionContext executionContext, List`1 actions)
   at GitHub.Runner.Worker.ActionManager.PrepareActionsRecursiveAsync(IExecutionContext executionContext, PrepareActionsState state, IEnumerable`1 actions, Int32 depth, Guid parentStepId)
   at GitHub.Runner.Worker.ActionManager.PrepareActionsAsync(IExecutionContext executionContext, IEnumerable`1 steps, Guid rootStepId)
   at GitHub.Runner.Worker.JobExtension.InitializeJob(IExecutionContext jobContext, AgentJobRequestMessage message)
[2025-08-28 11:15:59Z INFO ExecutionContext] Publish step telemetry for current step {
  "action": "setup_job",
  "type": "runner",
  "stage": "Pre",
  "stepId": "77c2e470-4141-4462-8216-82198ed53922",
  "result": "failed",
  "errorMessages": [
    "Unable to resolve action actions/setup-env, repository not found"
  ],
  "executionTimeInSeconds": 2,
  "startTime": "2025-08-28T11:15:58.0212302Z",
  "finishTime": "2025-08-28T11:15:59.3657794Z"
}.
[2025-08-28 11:15:59Z ERR  JobRunner] Job initialize failed.
[2025-08-28 11:15:59Z ERR  JobRunner] Caught exception from InitializeJob: GitHub.DistributedTask.WebApi.UnresolvableActionDownloadInfoException: Unable to resolve action actions/setup-env, repository not found
   at GitHub.Services.Launch.Client.LaunchHttpClient.GetResolveActionsDownloadInfoAsyncV2(Guid planId, Guid jobId, ActionReferenceList actionReferenceList, CancellationToken cancellationToken)
   at GitHub.Runner.Worker.ActionManager.GetDownloadInfoAsync(IExecutionContext executionContext, List`1 actions)
   at GitHub.Runner.Worker.ActionManager.GetDownloadInfoAsync(IExecutionContext executionContext, List`1 actions)
   at GitHub.Runner.Worker.ActionManager.PrepareActionsRecursiveAsync(IExecutionContext executionContext, PrepareActionsState state, IEnumerable`1 actions, Int32 depth, Guid parentStepId)
   at GitHub.Runner.Worker.ActionManager.PrepareActionsAsync(IExecutionContext executionContext, IEnumerable`1 steps, Guid rootStepId)
   at GitHub.Runner.Worker.JobExtension.InitializeJob(IExecutionContext jobContext, AgentJobRequestMessage message)
   at GitHub.Runner.Worker.JobRunner.RunAsync(AgentJobRequestMessage message, CancellationToken jobRequestCancellationToken)
[2025-08-28 11:15:59Z INFO JobRunner] Shutting down the job server queue.
[2025-08-28 11:15:59Z INFO JobServerQueue] Fire signal to shutdown all queues.
[2025-08-28 11:15:59Z INFO JobServerQueue] Job timeline record has been updated for the first time.
[2025-08-28 11:15:59Z INFO JobServerQueue] All queue process task stopped.
[2025-08-28 11:16:00Z INFO JobServerQueue] Try to append 1 batches web console lines for record '77c2e470-4141-4462-8216-82198ed53922', success rate: 1/1.
[2025-08-28 11:16:00Z INFO JobServerQueue] Web console line queue drained.
[2025-08-28 11:16:00Z INFO JobServerQueue] Uploading 2 files in one shot.
[2025-08-28 11:16:00Z INFO JobServerQueue] Try to upload 2 log files or attachments, success rate: 2/2.
[2025-08-28 11:16:00Z INFO JobServerQueue] File upload queue drained.
[2025-08-28 11:16:00Z INFO JobServerQueue] Starting results-based upload queue...
[2025-08-28 11:16:00Z INFO JobServerQueue] Uploading 2 file(s) in one shot through results service.
[2025-08-28 11:16:00Z INFO JobServerQueue] Got a step log file to send to results service.
[2025-08-28 11:16:00Z INFO JobServerQueue] Starting upload of step log file to results service ResultsLog, C:\Users\sujiniv\Documents\GitHub\sujinibazeltest\actions-runner\_diag\blocks\fe9db072-1c4d-41fe-ad5b-1ee2e24e3483_77c2e470-4141-4462-8216-82198ed53922.1
[2025-08-28 11:16:02Z INFO JobServerQueue] Got a job log file to send to results service.
[2025-08-28 11:16:02Z INFO JobServerQueue] Starting upload of job log file to results service ResultsLog, C:\Users\sujiniv\Documents\GitHub\sujinibazeltest\actions-runner\_diag\blocks\fe9db072-1c4d-41fe-ad5b-1ee2e24e3483_3424cd60-f078-528c-a209-494e9765813e.1
[2025-08-28 11:16:03Z INFO JobServerQueue] Tried to upload 2 file(s) to results, success rate: 2/2.
[2025-08-28 11:16:03Z INFO JobServerQueue] Results upload queue drained.
[2025-08-28 11:16:03Z INFO JobServerQueue] Timeline update queue drained.
[2025-08-28 11:16:03Z INFO JobServerQueue] Disposing job server ...
[2025-08-28 11:16:03Z INFO JobServerQueue] Disposing results server ...
[2025-08-28 11:16:03Z INFO JobServerQueue] All queue process tasks have been stopped, and all queues are drained.
[2025-08-28 11:16:03Z INFO TempDirectoryManager] Cleaning runner temp folder: C:\Users\sujiniv\Documents\GitHub\sujinibazeltest\actions-runner\_work\_temp
[2025-08-28 11:16:03Z INFO HostContext] Well known directory 'Bin': 'C:\Users\sujiniv\Documents\GitHub\sujinibazeltest\actions-runner\bin'
[2025-08-28 11:16:03Z INFO HostContext] Well known directory 'Root': 'C:\Users\sujiniv\Documents\GitHub\sujinibazeltest\actions-runner'
[2025-08-28 11:16:03Z INFO HostContext] Well known directory 'Diag': 'C:\Users\sujiniv\Documents\GitHub\sujinibazeltest\actions-runner\_diag'
[2025-08-28 11:16:03Z INFO HostContext] Well known config file 'Telemetry': 'C:\Users\sujiniv\Documents\GitHub\sujinibazeltest\actions-runner\_diag\.telemetry'
[2025-08-28 11:16:03Z INFO JobRunner] Raising job completed against run service
[2025-08-28 11:16:04Z INFO Worker] Job completed.
